-------------------------------------------------------------------------------
Test set: hansol9.rest.index.IndexControllerTest
-------------------------------------------------------------------------------
Tests run: 1, Failures: 1, Errors: 0, Skipped: 0, Time elapsed: 4.901 s <<< FAILURE! - in hansol9.rest.index.IndexControllerTest
index(hansol9.rest.index.IndexControllerTest)  Time elapsed: 0.144 s  <<< FAILURE!
java.lang.AssertionError: Status expected:<200> but was:<401>
	at hansol9.rest.index.IndexControllerTest.index(IndexControllerTest.java:17)

