<?xml version="1.0" encoding="UTF-8"?>
<testsuite xmlns:xsi="http://www.w3.org/2001/XMLSchema-instance" xsi:noNamespaceSchemaLocation="https://maven.apache.org/surefire/maven-surefire-plugin/xsd/surefire-test-report.xsd" name="hansol9.rest.events.EventControllerTests" time="0.671" tests="11" errors="0" skipped="0" failures="11">
  <properties>
[...]
</properties>
  <testcase name="createEvent_Bad_Request_Empty_Input" classname="hansol9.rest.events.EventControllerTests" time="0.052">
    <failure message="Status expected:&lt;400&gt; but was:&lt;403&gt;" type="java.lang.AssertionError"><![CDATA[java.lang.AssertionError: Status expected:<400> but was:<403>
	at hansol9.rest.events.EventControllerTests.createEvent_Bad_Request_Empty_Input(EventControllerTests.java:160)
]]></failure>
    <system-out><![CDATA[2020-10-27 18:17:49.137  INFO 86389 --- [           main] .b.t.c.SpringBootTestContextBootstrapper : Neither @ContextConfiguration nor @ContextHierarchy found for test class [hansol9.rest.events.EventControllerTests], using SpringBootContextLoader
2020-10-27 18:17:49.137  INFO 86389 --- [           main] o.s.t.c.support.AbstractContextLoader    : Could not detect default resource locations for test class [hansol9.rest.events.EventControllerTests]: no resource found for suffixes {-context.xml, Context.groovy}.
2020-10-27 18:17:49.137  INFO 86389 --- [           main] t.c.s.AnnotationConfigContextLoaderUtils : Could not detect default configuration classes for test class [hansol9.rest.events.EventControllerTests]: EventControllerTests does not declare any static, non-private, non-final, nested classes annotated with @Configuration.
2020-10-27 18:17:49.146  INFO 86389 --- [           main] .b.t.c.SpringBootTestContextBootstrapper : Found @SpringBootConfiguration hansol9.rest.RestPracticeApplication for test class hansol9.rest.events.EventControllerTests
2020-10-27 18:17:49.147  INFO 86389 --- [           main] .b.t.c.SpringBootTestContextBootstrapper : Loaded default TestExecutionListener class names from location [META-INF/spring.factories]: [org.springframework.boot.test.mock.mockito.MockitoTestExecutionListener, org.springframework.boot.test.mock.mockito.ResetMocksTestExecutionListener, org.springframework.boot.test.autoconfigure.restdocs.RestDocsTestExecutionListener, org.springframework.boot.test.autoconfigure.web.client.MockRestServiceServerResetTestExecutionListener, org.springframework.boot.test.autoconfigure.web.servlet.MockMvcPrintOnlyOnFailureTestExecutionListener, org.springframework.boot.test.autoconfigure.web.servlet.WebDriverTestExecutionListener, org.springframework.test.context.web.ServletTestExecutionListener, org.springframework.test.context.support.DirtiesContextBeforeModesTestExecutionListener, org.springframework.test.context.support.DependencyInjectionTestExecutionListener, org.springframework.test.context.support.DirtiesContextTestExecutionListener, org.springframework.test.context.transaction.TransactionalTestExecutionListener, org.springframework.test.context.jdbc.SqlScriptsTestExecutionListener]
2020-10-27 18:17:49.148  INFO 86389 --- [           main] .b.t.c.SpringBootTestContextBootstrapper : Using TestExecutionListeners: [org.springframework.test.context.web.ServletTestExecutionListener@3fb920d9, org.springframework.test.context.support.DirtiesContextBeforeModesTestExecutionListener@5d3a147f, org.springframework.boot.test.mock.mockito.MockitoTestExecutionListener@79bb14d8, org.springframework.boot.test.autoconfigure.SpringBootDependencyInjectionTestExecutionListener@72fc6b5e, org.springframework.test.context.support.DirtiesContextTestExecutionListener@4353230, org.springframework.test.context.transaction.TransactionalTestExecutionListener@9214725, org.springframework.test.context.jdbc.SqlScriptsTestExecutionListener@289d9f0d, org.springframework.boot.test.mock.mockito.ResetMocksTestExecutionListener@39aaa7db, org.springframework.boot.test.autoconfigure.restdocs.RestDocsTestExecutionListener@14a3a66c, org.springframework.boot.test.autoconfigure.web.client.MockRestServiceServerResetTestExecutionListener@1738d3b2, org.springframework.boot.test.autoconfigure.web.servlet.MockMvcPrintOnlyOnFailureTestExecutionListener@539953af, org.springframework.boot.test.autoconfigure.web.servlet.WebDriverTestExecutionListener@3fe1b278]
2020-10-27 18:17:49.190 DEBUG 86389 --- [           main] o.s.s.web.util.matcher.OrRequestMatcher  : Trying to match using Ant [pattern='/css/**']
2020-10-27 18:17:49.190 DEBUG 86389 --- [           main] o.s.s.w.u.matcher.AntPathRequestMatcher  : Checking match of request : '/api/events'; against '/css/**'
2020-10-27 18:17:49.190 DEBUG 86389 --- [           main] o.s.s.web.util.matcher.OrRequestMatcher  : Trying to match using Ant [pattern='/js/**']
2020-10-27 18:17:49.190 DEBUG 86389 --- [           main] o.s.s.w.u.matcher.AntPathRequestMatcher  : Checking match of request : '/api/events'; against '/js/**'
2020-10-27 18:17:49.190 DEBUG 86389 --- [           main] o.s.s.web.util.matcher.OrRequestMatcher  : Trying to match using Ant [pattern='/images/**']
2020-10-27 18:17:49.190 DEBUG 86389 --- [           main] o.s.s.w.u.matcher.AntPathRequestMatcher  : Checking match of request : '/api/events'; against '/images/**'
2020-10-27 18:17:49.190 DEBUG 86389 --- [           main] o.s.s.web.util.matcher.OrRequestMatcher  : Trying to match using Ant [pattern='/webjars/**']
2020-10-27 18:17:49.190 DEBUG 86389 --- [           main] o.s.s.w.u.matcher.AntPathRequestMatcher  : Checking match of request : '/api/events'; against '/webjars/**'
2020-10-27 18:17:49.190 DEBUG 86389 --- [           main] o.s.s.web.util.matcher.OrRequestMatcher  : Trying to match using Ant [pattern='/**/favicon.ico']
2020-10-27 18:17:49.190 DEBUG 86389 --- [           main] o.s.s.w.u.matcher.AntPathRequestMatcher  : Checking match of request : '/api/events'; against '/**/favicon.ico'
2020-10-27 18:17:49.190 DEBUG 86389 --- [           main] o.s.s.web.util.matcher.OrRequestMatcher  : No matches found
2020-10-27 18:17:49.190 DEBUG 86389 --- [           main] o.s.security.web.FilterChainProxy        : /api/events at position 1 of 15 in additional filter chain; firing Filter: 'WebAsyncManagerIntegrationFilter'
2020-10-27 18:17:49.190 DEBUG 86389 --- [           main] o.s.security.web.FilterChainProxy        : /api/events at position 2 of 15 in additional filter chain; firing Filter: 'SecurityContextPersistenceFilter'
2020-10-27 18:17:49.190 DEBUG 86389 --- [           main] w.c.HttpSessionSecurityContextRepository : No HttpSession currently exists
2020-10-27 18:17:49.190 DEBUG 86389 --- [           main] w.c.HttpSessionSecurityContextRepository : No SecurityContext was available from the HttpSession: null. A new one will be created.
2020-10-27 18:17:49.190 DEBUG 86389 --- [           main] o.s.security.web.FilterChainProxy        : /api/events at position 3 of 15 in additional filter chain; firing Filter: 'HeaderWriterFilter'
2020-10-27 18:17:49.190 DEBUG 86389 --- [           main] o.s.security.web.FilterChainProxy        : /api/events at position 4 of 15 in additional filter chain; firing Filter: 'CsrfFilter'
2020-10-27 18:17:49.191 DEBUG 86389 --- [           main] o.s.security.web.csrf.CsrfFilter         : Invalid CSRF token found for http://localhost:8080/api/events
2020-10-27 18:17:49.191 DEBUG 86389 --- [           main] o.s.s.w.header.writers.HstsHeaderWriter  : Not injecting HSTS header since it did not match the requestMatcher org.springframework.security.web.header.writers.HstsHeaderWriter$SecureRequestMatcher@2c485b3a
2020-10-27 18:17:49.191 DEBUG 86389 --- [           main] w.c.HttpSessionSecurityContextRepository : SecurityContext is empty or contents are anonymous - context will not be stored in HttpSession.
2020-10-27 18:17:49.191 DEBUG 86389 --- [           main] s.s.w.c.SecurityContextPersistenceFilter : SecurityContextHolder now cleared, as request processing completed

MockHttpServletRequest:
      HTTP Method = POST
      Request URI = /api/events
       Parameters = {}
          Headers = {Content-Type=[application/json;charset=UTF-8]}
             Body = {"name":null,"description":null,"beginEnrollmentDateTime":null,"closeEnrollmentDateTime":null,"beginEventDateTime":null,"endEventDateTime":null,"location":null,"basePrice":0,"maxPrice":0,"limitOfEnrollment":0}
    Session Attrs = {org.springframework.security.web.csrf.HttpSessionCsrfTokenRepository.CSRF_TOKEN=org.springframework.security.web.csrf.DefaultCsrfToken@11e36e5c}

Handler:
             Type = null

Async:
    Async started = false
     Async result = null

Resolved Exception:
             Type = null

ModelAndView:
        View name = null
             View = null
            Model = null

FlashMap:
       Attributes = null

MockHttpServletResponse:
           Status = 403
    Error message = Forbidden
          Headers = {X-Content-Type-Options=[nosniff], X-XSS-Protection=[1; mode=block], Cache-Control=[no-cache, no-store, max-age=0, must-revalidate], Pragma=[no-cache], Expires=[0], X-Frame-Options=[DENY]}
     Content type = null
             Body = 
    Forwarded URL = null
   Redirected URL = null
          Cookies = []

MockHttpServletRequest:
      HTTP Method = GET
      Request URI = /api
       Parameters = {}
          Headers = {}
             Body = null
    Session Attrs = {SPRING_SECURITY_SAVED_REQUEST=DefaultSavedRequest[http://localhost:8080/api]}

Handler:
             Type = null

Async:
    Async started = false
     Async result = null

Resolved Exception:
             Type = null

ModelAndView:
        View name = null
             View = null
            Model = null

FlashMap:
       Attributes = null

MockHttpServletResponse:
           Status = 401
    Error message = Unauthorized
          Headers = {WWW-Authenticate=[Basic realm="Realm"], X-Content-Type-Options=[nosniff], X-XSS-Protection=[1; mode=block], Cache-Control=[no-cache, no-store, max-age=0, must-revalidate], Pragma=[no-cache], Expires=[0], X-Frame-Options=[DENY]}
     Content type = null
             Body = 
    Forwarded URL = null
   Redirected URL = null
          Cookies = []

MockHttpServletRequest:
      HTTP Method = POST
      Request URI = /api/events
       Parameters = {}
          Headers = {Content-Type=[application/json;charset=UTF-8]}
             Body = {"name":null,"description":null,"beginEnrollmentDateTime":null,"closeEnrollmentDateTime":null,"beginEventDateTime":null,"endEventDateTime":null,"location":null,"basePrice":0,"maxPrice":0,"limitOfEnrollment":0}
    Session Attrs = {org.springframework.security.web.csrf.HttpSessionCsrfTokenRepository.CSRF_TOKEN=org.springframework.security.web.csrf.DefaultCsrfToken@11e36e5c}

Handler:
             Type = null

Async:
    Async started = false
     Async result = null

Resolved Exception:
             Type = null

ModelAndView:
        View name = null
             View = null
            Model = null

FlashMap:
       Attributes = null

MockHttpServletResponse:
           Status = 403
    Error message = Forbidden
          Headers = {X-Content-Type-Options=[nosniff], X-XSS-Protection=[1; mode=block], Cache-Control=[no-cache, no-store, max-age=0, must-revalidate], Pragma=[no-cache], Expires=[0], X-Frame-Options=[DENY]}
     Content type = null
             Body = 
    Forwarded URL = null
   Redirected URL = null
          Cookies = []
]]></system-out>
  </testcase>
  <testcase name="updateEvent_Empty" classname="hansol9.rest.events.EventControllerTests" time="0.028">
    <failure message="Status expected:&lt;400&gt; but was:&lt;403&gt;" type="java.lang.AssertionError"><![CDATA[java.lang.AssertionError: Status expected:<400> but was:<403>
	at hansol9.rest.events.EventControllerTests.updateEvent_Empty(EventControllerTests.java:318)
]]></failure>
    <system-out><![CDATA[2020-10-27 18:17:49.197 DEBUG 86389 --- [           main] org.hibernate.SQL                        : 
    call next value for hibernate_sequence
2020-10-27 18:17:49.199 DEBUG 86389 --- [           main] org.hibernate.SQL                        : 
    insert 
    into
        event
        (base_price, begin_enrollment_date_time, begin_event_date_time, close_enrollment_date_time, description, end_event_date_time, event_status, free, limit_of_enrollment, location, manager_id, max_price, name, offline, id) 
    values
        (?, ?, ?, ?, ?, ?, ?, ?, ?, ?, ?, ?, ?, ?, ?)
2020-10-27 18:17:49.200 TRACE 86389 --- [           main] o.h.type.descriptor.sql.BasicBinder      : binding parameter [1] as [INTEGER] - [100]
2020-10-27 18:17:49.200 TRACE 86389 --- [           main] o.h.type.descriptor.sql.BasicBinder      : binding parameter [2] as [TIMESTAMP] - [2018-11-23T14:20]
2020-10-27 18:17:49.208 TRACE 86389 --- [           main] o.h.type.descriptor.sql.BasicBinder      : binding parameter [3] as [TIMESTAMP] - [2018-11-25T14:30]
2020-10-27 18:17:49.208 TRACE 86389 --- [           main] o.h.type.descriptor.sql.BasicBinder      : binding parameter [4] as [TIMESTAMP] - [2018-11-24T14:30]
2020-10-27 18:17:49.208 TRACE 86389 --- [           main] o.h.type.descriptor.sql.BasicBinder      : binding parameter [5] as [VARCHAR] - [test event]
2020-10-27 18:17:49.208 TRACE 86389 --- [           main] o.h.type.descriptor.sql.BasicBinder      : binding parameter [6] as [TIMESTAMP] - [2018-11-26T14:30]
2020-10-27 18:17:49.209 TRACE 86389 --- [           main] o.h.type.descriptor.sql.BasicBinder      : binding parameter [8] as [BOOLEAN] - [false]
2020-10-27 18:17:49.209 TRACE 86389 --- [           main] o.h.type.descriptor.sql.BasicBinder      : binding parameter [9] as [INTEGER] - [100]
2020-10-27 18:17:49.209 TRACE 86389 --- [           main] o.h.type.descriptor.sql.BasicBinder      : binding parameter [10] as [VARCHAR] - [강남역 D2 스타텁 팩토리]
2020-10-27 18:17:49.209 TRACE 86389 --- [           main] o.h.type.descriptor.sql.BasicBinder      : binding parameter [11] as [INTEGER] - [null]
2020-10-27 18:17:49.209 TRACE 86389 --- [           main] o.h.type.descriptor.sql.BasicBinder      : binding parameter [12] as [INTEGER] - [200]
2020-10-27 18:17:49.209 TRACE 86389 --- [           main] o.h.type.descriptor.sql.BasicBinder      : binding parameter [13] as [VARCHAR] - [event 300]
2020-10-27 18:17:49.209 TRACE 86389 --- [           main] o.h.type.descriptor.sql.BasicBinder      : binding parameter [14] as [BOOLEAN] - [true]
2020-10-27 18:17:49.210 TRACE 86389 --- [           main] o.h.type.descriptor.sql.BasicBinder      : binding parameter [15] as [INTEGER] - [2]
2020-10-27 18:17:49.211 DEBUG 86389 --- [           main] o.s.s.web.util.matcher.OrRequestMatcher  : Trying to match using Ant [pattern='/css/**']
2020-10-27 18:17:49.211 DEBUG 86389 --- [           main] o.s.s.w.u.matcher.AntPathRequestMatcher  : Checking match of request : '/api/events/2'; against '/css/**'
2020-10-27 18:17:49.211 DEBUG 86389 --- [           main] o.s.s.web.util.matcher.OrRequestMatcher  : Trying to match using Ant [pattern='/js/**']
2020-10-27 18:17:49.211 DEBUG 86389 --- [           main] o.s.s.w.u.matcher.AntPathRequestMatcher  : Checking match of request : '/api/events/2'; against '/js/**'
2020-10-27 18:17:49.211 DEBUG 86389 --- [           main] o.s.s.web.util.matcher.OrRequestMatcher  : Trying to match using Ant [pattern='/images/**']
2020-10-27 18:17:49.211 DEBUG 86389 --- [           main] o.s.s.w.u.matcher.AntPathRequestMatcher  : Checking match of request : '/api/events/2'; against '/images/**'
2020-10-27 18:17:49.211 DEBUG 86389 --- [           main] o.s.s.web.util.matcher.OrRequestMatcher  : Trying to match using Ant [pattern='/webjars/**']
2020-10-27 18:17:49.211 DEBUG 86389 --- [           main] o.s.s.w.u.matcher.AntPathRequestMatcher  : Checking match of request : '/api/events/2'; against '/webjars/**'
2020-10-27 18:17:49.211 DEBUG 86389 --- [           main] o.s.s.web.util.matcher.OrRequestMatcher  : Trying to match using Ant [pattern='/**/favicon.ico']
2020-10-27 18:17:49.211 DEBUG 86389 --- [           main] o.s.s.w.u.matcher.AntPathRequestMatcher  : Checking match of request : '/api/events/2'; against '/**/favicon.ico'
2020-10-27 18:17:49.211 DEBUG 86389 --- [           main] o.s.s.web.util.matcher.OrRequestMatcher  : No matches found
2020-10-27 18:17:49.211 DEBUG 86389 --- [           main] o.s.security.web.FilterChainProxy        : /api/events/2 at position 1 of 15 in additional filter chain; firing Filter: 'WebAsyncManagerIntegrationFilter'
2020-10-27 18:17:49.211 DEBUG 86389 --- [           main] o.s.security.web.FilterChainProxy        : /api/events/2 at position 2 of 15 in additional filter chain; firing Filter: 'SecurityContextPersistenceFilter'
2020-10-27 18:17:49.212 DEBUG 86389 --- [           main] w.c.HttpSessionSecurityContextRepository : No HttpSession currently exists
2020-10-27 18:17:49.212 DEBUG 86389 --- [           main] w.c.HttpSessionSecurityContextRepository : No SecurityContext was available from the HttpSession: null. A new one will be created.
2020-10-27 18:17:49.212 DEBUG 86389 --- [           main] o.s.security.web.FilterChainProxy        : /api/events/2 at position 3 of 15 in additional filter chain; firing Filter: 'HeaderWriterFilter'
2020-10-27 18:17:49.212 DEBUG 86389 --- [           main] o.s.security.web.FilterChainProxy        : /api/events/2 at position 4 of 15 in additional filter chain; firing Filter: 'CsrfFilter'
2020-10-27 18:17:49.212 DEBUG 86389 --- [           main] o.s.security.web.csrf.CsrfFilter         : Invalid CSRF token found for http://localhost:8080/api/events/2
2020-10-27 18:17:49.212 DEBUG 86389 --- [           main] o.s.s.w.header.writers.HstsHeaderWriter  : Not injecting HSTS header since it did not match the requestMatcher org.springframework.security.web.header.writers.HstsHeaderWriter$SecureRequestMatcher@2c485b3a
2020-10-27 18:17:49.212 DEBUG 86389 --- [           main] w.c.HttpSessionSecurityContextRepository : SecurityContext is empty or contents are anonymous - context will not be stored in HttpSession.
2020-10-27 18:17:49.212 DEBUG 86389 --- [           main] s.s.w.c.SecurityContextPersistenceFilter : SecurityContextHolder now cleared, as request processing completed

MockHttpServletRequest:
      HTTP Method = PUT
      Request URI = /api/events/2
       Parameters = {}
          Headers = {Content-Type=[application/json;charset=UTF-8]}
             Body = {"name":null,"description":null,"beginEnrollmentDateTime":null,"closeEnrollmentDateTime":null,"beginEventDateTime":null,"endEventDateTime":null,"location":null,"basePrice":0,"maxPrice":0,"limitOfEnrollment":0}
    Session Attrs = {org.springframework.security.web.csrf.HttpSessionCsrfTokenRepository.CSRF_TOKEN=org.springframework.security.web.csrf.DefaultCsrfToken@2ab87cb8}

Handler:
             Type = null

Async:
    Async started = false
     Async result = null

Resolved Exception:
             Type = null

ModelAndView:
        View name = null
             View = null
            Model = null

FlashMap:
       Attributes = null

MockHttpServletResponse:
           Status = 403
    Error message = Forbidden
          Headers = {X-Content-Type-Options=[nosniff], X-XSS-Protection=[1; mode=block], Cache-Control=[no-cache, no-store, max-age=0, must-revalidate], Pragma=[no-cache], Expires=[0], X-Frame-Options=[DENY]}
     Content type = null
             Body = 
    Forwarded URL = null
   Redirected URL = null
          Cookies = []

MockHttpServletRequest:
      HTTP Method = GET
      Request URI = /api
       Parameters = {}
          Headers = {}
             Body = null
    Session Attrs = {SPRING_SECURITY_SAVED_REQUEST=DefaultSavedRequest[http://localhost:8080/api]}

Handler:
             Type = null

Async:
    Async started = false
     Async result = null

Resolved Exception:
             Type = null

ModelAndView:
        View name = null
             View = null
            Model = null

FlashMap:
       Attributes = null

MockHttpServletResponse:
           Status = 401
    Error message = Unauthorized
          Headers = {WWW-Authenticate=[Basic realm="Realm"], X-Content-Type-Options=[nosniff], X-XSS-Protection=[1; mode=block], Cache-Control=[no-cache, no-store, max-age=0, must-revalidate], Pragma=[no-cache], Expires=[0], X-Frame-Options=[DENY]}
     Content type = null
             Body = 
    Forwarded URL = null
   Redirected URL = null
          Cookies = []

MockHttpServletRequest:
      HTTP Method = POST
      Request URI = /api/events
       Parameters = {}
          Headers = {Content-Type=[application/json;charset=UTF-8]}
             Body = {"name":null,"description":null,"beginEnrollmentDateTime":null,"closeEnrollmentDateTime":null,"beginEventDateTime":null,"endEventDateTime":null,"location":null,"basePrice":0,"maxPrice":0,"limitOfEnrollment":0}
    Session Attrs = {org.springframework.security.web.csrf.HttpSessionCsrfTokenRepository.CSRF_TOKEN=org.springframework.security.web.csrf.DefaultCsrfToken@11e36e5c}

Handler:
             Type = null

Async:
    Async started = false
     Async result = null

Resolved Exception:
             Type = null

ModelAndView:
        View name = null
             View = null
            Model = null

FlashMap:
       Attributes = null

MockHttpServletResponse:
           Status = 403
    Error message = Forbidden
          Headers = {X-Content-Type-Options=[nosniff], X-XSS-Protection=[1; mode=block], Cache-Control=[no-cache, no-store, max-age=0, must-revalidate], Pragma=[no-cache], Expires=[0], X-Frame-Options=[DENY]}
     Content type = null
             Body = 
    Forwarded URL = null
   Redirected URL = null
          Cookies = []

MockHttpServletRequest:
      HTTP Method = PUT
      Request URI = /api/events/2
       Parameters = {}
          Headers = {Content-Type=[application/json;charset=UTF-8]}
             Body = {"name":null,"description":null,"beginEnrollmentDateTime":null,"closeEnrollmentDateTime":null,"beginEventDateTime":null,"endEventDateTime":null,"location":null,"basePrice":0,"maxPrice":0,"limitOfEnrollment":0}
    Session Attrs = {org.springframework.security.web.csrf.HttpSessionCsrfTokenRepository.CSRF_TOKEN=org.springframework.security.web.csrf.DefaultCsrfToken@2ab87cb8}

Handler:
             Type = null

Async:
    Async started = false
     Async result = null

Resolved Exception:
             Type = null

ModelAndView:
        View name = null
             View = null
            Model = null

FlashMap:
       Attributes = null

MockHttpServletResponse:
           Status = 403
    Error message = Forbidden
          Headers = {X-Content-Type-Options=[nosniff], X-XSS-Protection=[1; mode=block], Cache-Control=[no-cache, no-store, max-age=0, must-revalidate], Pragma=[no-cache], Expires=[0], X-Frame-Options=[DENY]}
     Content type = null
             Body = 
    Forwarded URL = null
   Redirected URL = null
          Cookies = []
]]></system-out>
  </testcase>
  <testcase name="updateEvent" classname="hansol9.rest.events.EventControllerTests" time="0.048">
    <failure message="Status expected:&lt;200&gt; but was:&lt;403&gt;" type="java.lang.AssertionError"><![CDATA[java.lang.AssertionError: Status expected:<200> but was:<403>
	at hansol9.rest.events.EventControllerTests.updateEvent(EventControllerTests.java:278)
]]></failure>
    <system-out><![CDATA[2020-10-27 18:17:49.217 DEBUG 86389 --- [           main] org.hibernate.SQL                        : 
    call next value for hibernate_sequence
2020-10-27 18:17:49.217 DEBUG 86389 --- [           main] org.hibernate.SQL                        : 
    insert 
    into
        event
        (base_price, begin_enrollment_date_time, begin_event_date_time, close_enrollment_date_time, description, end_event_date_time, event_status, free, limit_of_enrollment, location, manager_id, max_price, name, offline, id) 
    values
        (?, ?, ?, ?, ?, ?, ?, ?, ?, ?, ?, ?, ?, ?, ?)
2020-10-27 18:17:49.217 TRACE 86389 --- [           main] o.h.type.descriptor.sql.BasicBinder      : binding parameter [1] as [INTEGER] - [100]
2020-10-27 18:17:49.218 TRACE 86389 --- [           main] o.h.type.descriptor.sql.BasicBinder      : binding parameter [2] as [TIMESTAMP] - [2018-11-23T14:20]
2020-10-27 18:17:49.218 TRACE 86389 --- [           main] o.h.type.descriptor.sql.BasicBinder      : binding parameter [3] as [TIMESTAMP] - [2018-11-25T14:30]
2020-10-27 18:17:49.218 TRACE 86389 --- [           main] o.h.type.descriptor.sql.BasicBinder      : binding parameter [4] as [TIMESTAMP] - [2018-11-24T14:30]
2020-10-27 18:17:49.218 TRACE 86389 --- [           main] o.h.type.descriptor.sql.BasicBinder      : binding parameter [5] as [VARCHAR] - [test event]
2020-10-27 18:17:49.218 TRACE 86389 --- [           main] o.h.type.descriptor.sql.BasicBinder      : binding parameter [6] as [TIMESTAMP] - [2018-11-26T14:30]
2020-10-27 18:17:49.218 TRACE 86389 --- [           main] o.h.type.descriptor.sql.BasicBinder      : binding parameter [8] as [BOOLEAN] - [false]
2020-10-27 18:17:49.218 TRACE 86389 --- [           main] o.h.type.descriptor.sql.BasicBinder      : binding parameter [9] as [INTEGER] - [100]
2020-10-27 18:17:49.218 TRACE 86389 --- [           main] o.h.type.descriptor.sql.BasicBinder      : binding parameter [10] as [VARCHAR] - [강남역 D2 스타텁 팩토리]
2020-10-27 18:17:49.218 TRACE 86389 --- [           main] o.h.type.descriptor.sql.BasicBinder      : binding parameter [11] as [INTEGER] - [null]
2020-10-27 18:17:49.218 TRACE 86389 --- [           main] o.h.type.descriptor.sql.BasicBinder      : binding parameter [12] as [INTEGER] - [200]
2020-10-27 18:17:49.218 TRACE 86389 --- [           main] o.h.type.descriptor.sql.BasicBinder      : binding parameter [13] as [VARCHAR] - [event 300]
2020-10-27 18:17:49.218 TRACE 86389 --- [           main] o.h.type.descriptor.sql.BasicBinder      : binding parameter [14] as [BOOLEAN] - [true]
2020-10-27 18:17:49.218 TRACE 86389 --- [           main] o.h.type.descriptor.sql.BasicBinder      : binding parameter [15] as [INTEGER] - [3]
2020-10-27 18:17:49.258 DEBUG 86389 --- [           main] o.s.s.web.util.matcher.OrRequestMatcher  : Trying to match using Ant [pattern='/css/**']
2020-10-27 18:17:49.258 DEBUG 86389 --- [           main] o.s.s.w.u.matcher.AntPathRequestMatcher  : Checking match of request : '/api/events/3'; against '/css/**'
2020-10-27 18:17:49.258 DEBUG 86389 --- [           main] o.s.s.web.util.matcher.OrRequestMatcher  : Trying to match using Ant [pattern='/js/**']
2020-10-27 18:17:49.258 DEBUG 86389 --- [           main] o.s.s.w.u.matcher.AntPathRequestMatcher  : Checking match of request : '/api/events/3'; against '/js/**'
2020-10-27 18:17:49.258 DEBUG 86389 --- [           main] o.s.s.web.util.matcher.OrRequestMatcher  : Trying to match using Ant [pattern='/images/**']
2020-10-27 18:17:49.258 DEBUG 86389 --- [           main] o.s.s.w.u.matcher.AntPathRequestMatcher  : Checking match of request : '/api/events/3'; against '/images/**'
2020-10-27 18:17:49.258 DEBUG 86389 --- [           main] o.s.s.web.util.matcher.OrRequestMatcher  : Trying to match using Ant [pattern='/webjars/**']
2020-10-27 18:17:49.258 DEBUG 86389 --- [           main] o.s.s.w.u.matcher.AntPathRequestMatcher  : Checking match of request : '/api/events/3'; against '/webjars/**'
2020-10-27 18:17:49.258 DEBUG 86389 --- [           main] o.s.s.web.util.matcher.OrRequestMatcher  : Trying to match using Ant [pattern='/**/favicon.ico']
2020-10-27 18:17:49.258 DEBUG 86389 --- [           main] o.s.s.w.u.matcher.AntPathRequestMatcher  : Checking match of request : '/api/events/3'; against '/**/favicon.ico'
2020-10-27 18:17:49.258 DEBUG 86389 --- [           main] o.s.s.web.util.matcher.OrRequestMatcher  : No matches found
2020-10-27 18:17:49.258 DEBUG 86389 --- [           main] o.s.security.web.FilterChainProxy        : /api/events/3 at position 1 of 15 in additional filter chain; firing Filter: 'WebAsyncManagerIntegrationFilter'
2020-10-27 18:17:49.258 DEBUG 86389 --- [           main] o.s.security.web.FilterChainProxy        : /api/events/3 at position 2 of 15 in additional filter chain; firing Filter: 'SecurityContextPersistenceFilter'
2020-10-27 18:17:49.258 DEBUG 86389 --- [           main] w.c.HttpSessionSecurityContextRepository : No HttpSession currently exists
2020-10-27 18:17:49.258 DEBUG 86389 --- [           main] w.c.HttpSessionSecurityContextRepository : No SecurityContext was available from the HttpSession: null. A new one will be created.
2020-10-27 18:17:49.258 DEBUG 86389 --- [           main] o.s.security.web.FilterChainProxy        : /api/events/3 at position 3 of 15 in additional filter chain; firing Filter: 'HeaderWriterFilter'
2020-10-27 18:17:49.258 DEBUG 86389 --- [           main] o.s.security.web.FilterChainProxy        : /api/events/3 at position 4 of 15 in additional filter chain; firing Filter: 'CsrfFilter'
2020-10-27 18:17:49.258 DEBUG 86389 --- [           main] o.s.security.web.csrf.CsrfFilter         : Invalid CSRF token found for http://localhost:8080/api/events/3
2020-10-27 18:17:49.258 DEBUG 86389 --- [           main] o.s.s.w.header.writers.HstsHeaderWriter  : Not injecting HSTS header since it did not match the requestMatcher org.springframework.security.web.header.writers.HstsHeaderWriter$SecureRequestMatcher@2c485b3a
2020-10-27 18:17:49.258 DEBUG 86389 --- [           main] w.c.HttpSessionSecurityContextRepository : SecurityContext is empty or contents are anonymous - context will not be stored in HttpSession.
2020-10-27 18:17:49.258 DEBUG 86389 --- [           main] s.s.w.c.SecurityContextPersistenceFilter : SecurityContextHolder now cleared, as request processing completed

MockHttpServletRequest:
      HTTP Method = PUT
      Request URI = /api/events/3
       Parameters = {}
          Headers = {Content-Type=[application/json;charset=UTF-8]}
             Body = {"name":"Updated Event","description":"test event","beginEnrollmentDateTime":"2018-11-23T14:20:00","closeEnrollmentDateTime":"2018-11-24T14:30:00","beginEventDateTime":"2018-11-25T14:30:00","endEventDateTime":"2018-11-26T14:30:00","location":"강남역 D2 스타텁 팩토리","basePrice":100,"maxPrice":200,"limitOfEnrollment":100}
    Session Attrs = {org.springframework.security.web.csrf.HttpSessionCsrfTokenRepository.CSRF_TOKEN=org.springframework.security.web.csrf.DefaultCsrfToken@5a503cf0}

Handler:
             Type = null

Async:
    Async started = false
     Async result = null

Resolved Exception:
             Type = null

ModelAndView:
        View name = null
             View = null
            Model = null

FlashMap:
       Attributes = null

MockHttpServletResponse:
           Status = 403
    Error message = Forbidden
          Headers = {X-Content-Type-Options=[nosniff], X-XSS-Protection=[1; mode=block], Cache-Control=[no-cache, no-store, max-age=0, must-revalidate], Pragma=[no-cache], Expires=[0], X-Frame-Options=[DENY]}
     Content type = null
             Body = 
    Forwarded URL = null
   Redirected URL = null
          Cookies = []

MockHttpServletRequest:
      HTTP Method = GET
      Request URI = /api
       Parameters = {}
          Headers = {}
             Body = null
    Session Attrs = {SPRING_SECURITY_SAVED_REQUEST=DefaultSavedRequest[http://localhost:8080/api]}

Handler:
             Type = null

Async:
    Async started = false
     Async result = null

Resolved Exception:
             Type = null

ModelAndView:
        View name = null
             View = null
            Model = null

FlashMap:
       Attributes = null

MockHttpServletResponse:
           Status = 401
    Error message = Unauthorized
          Headers = {WWW-Authenticate=[Basic realm="Realm"], X-Content-Type-Options=[nosniff], X-XSS-Protection=[1; mode=block], Cache-Control=[no-cache, no-store, max-age=0, must-revalidate], Pragma=[no-cache], Expires=[0], X-Frame-Options=[DENY]}
     Content type = null
             Body = 
    Forwarded URL = null
   Redirected URL = null
          Cookies = []

MockHttpServletRequest:
      HTTP Method = POST
      Request URI = /api/events
       Parameters = {}
          Headers = {Content-Type=[application/json;charset=UTF-8]}
             Body = {"name":null,"description":null,"beginEnrollmentDateTime":null,"closeEnrollmentDateTime":null,"beginEventDateTime":null,"endEventDateTime":null,"location":null,"basePrice":0,"maxPrice":0,"limitOfEnrollment":0}
    Session Attrs = {org.springframework.security.web.csrf.HttpSessionCsrfTokenRepository.CSRF_TOKEN=org.springframework.security.web.csrf.DefaultCsrfToken@11e36e5c}

Handler:
             Type = null

Async:
    Async started = false
     Async result = null

Resolved Exception:
             Type = null

ModelAndView:
        View name = null
             View = null
            Model = null

FlashMap:
       Attributes = null

MockHttpServletResponse:
           Status = 403
    Error message = Forbidden
          Headers = {X-Content-Type-Options=[nosniff], X-XSS-Protection=[1; mode=block], Cache-Control=[no-cache, no-store, max-age=0, must-revalidate], Pragma=[no-cache], Expires=[0], X-Frame-Options=[DENY]}
     Content type = null
             Body = 
    Forwarded URL = null
   Redirected URL = null
          Cookies = []

MockHttpServletRequest:
      HTTP Method = PUT
      Request URI = /api/events/2
       Parameters = {}
          Headers = {Content-Type=[application/json;charset=UTF-8]}
             Body = {"name":null,"description":null,"beginEnrollmentDateTime":null,"closeEnrollmentDateTime":null,"beginEventDateTime":null,"endEventDateTime":null,"location":null,"basePrice":0,"maxPrice":0,"limitOfEnrollment":0}
    Session Attrs = {org.springframework.security.web.csrf.HttpSessionCsrfTokenRepository.CSRF_TOKEN=org.springframework.security.web.csrf.DefaultCsrfToken@2ab87cb8}

Handler:
             Type = null

Async:
    Async started = false
     Async result = null

Resolved Exception:
             Type = null

ModelAndView:
        View name = null
             View = null
            Model = null

FlashMap:
       Attributes = null

MockHttpServletResponse:
           Status = 403
    Error message = Forbidden
          Headers = {X-Content-Type-Options=[nosniff], X-XSS-Protection=[1; mode=block], Cache-Control=[no-cache, no-store, max-age=0, must-revalidate], Pragma=[no-cache], Expires=[0], X-Frame-Options=[DENY]}
     Content type = null
             Body = 
    Forwarded URL = null
   Redirected URL = null
          Cookies = []

MockHttpServletRequest:
      HTTP Method = PUT
      Request URI = /api/events/3
       Parameters = {}
          Headers = {Content-Type=[application/json;charset=UTF-8]}
             Body = {"name":"Updated Event","description":"test event","beginEnrollmentDateTime":"2018-11-23T14:20:00","closeEnrollmentDateTime":"2018-11-24T14:30:00","beginEventDateTime":"2018-11-25T14:30:00","endEventDateTime":"2018-11-26T14:30:00","location":"강남역 D2 스타텁 팩토리","basePrice":100,"maxPrice":200,"limitOfEnrollment":100}
    Session Attrs = {org.springframework.security.web.csrf.HttpSessionCsrfTokenRepository.CSRF_TOKEN=org.springframework.security.web.csrf.DefaultCsrfToken@5a503cf0}

Handler:
             Type = null

Async:
    Async started = false
     Async result = null

Resolved Exception:
             Type = null

ModelAndView:
        View name = null
             View = null
            Model = null

FlashMap:
       Attributes = null

MockHttpServletResponse:
           Status = 403
    Error message = Forbidden
          Headers = {X-Content-Type-Options=[nosniff], X-XSS-Protection=[1; mode=block], Cache-Control=[no-cache, no-store, max-age=0, must-revalidate], Pragma=[no-cache], Expires=[0], X-Frame-Options=[DENY]}
     Content type = null
             Body = 
    Forwarded URL = null
   Redirected URL = null
          Cookies = []
]]></system-out>
  </testcase>
  <testcase name="createEvent" classname="hansol9.rest.events.EventControllerTests" time="0.022">
    <failure message="Status expected:&lt;201&gt; but was:&lt;403&gt;" type="java.lang.AssertionError"><![CDATA[java.lang.AssertionError: Status expected:<201> but was:<403>
	at hansol9.rest.events.EventControllerTests.createEvent(EventControllerTests.java:57)
]]></failure>
    <system-out><![CDATA[2020-10-27 18:17:49.272 DEBUG 86389 --- [           main] o.s.s.web.util.matcher.OrRequestMatcher  : Trying to match using Ant [pattern='/css/**']
2020-10-27 18:17:49.273 DEBUG 86389 --- [           main] o.s.s.w.u.matcher.AntPathRequestMatcher  : Checking match of request : '/api/events'; against '/css/**'
2020-10-27 18:17:49.273 DEBUG 86389 --- [           main] o.s.s.web.util.matcher.OrRequestMatcher  : Trying to match using Ant [pattern='/js/**']
2020-10-27 18:17:49.273 DEBUG 86389 --- [           main] o.s.s.w.u.matcher.AntPathRequestMatcher  : Checking match of request : '/api/events'; against '/js/**'
2020-10-27 18:17:49.273 DEBUG 86389 --- [           main] o.s.s.web.util.matcher.OrRequestMatcher  : Trying to match using Ant [pattern='/images/**']
2020-10-27 18:17:49.273 DEBUG 86389 --- [           main] o.s.s.w.u.matcher.AntPathRequestMatcher  : Checking match of request : '/api/events'; against '/images/**'
2020-10-27 18:17:49.273 DEBUG 86389 --- [           main] o.s.s.web.util.matcher.OrRequestMatcher  : Trying to match using Ant [pattern='/webjars/**']
2020-10-27 18:17:49.273 DEBUG 86389 --- [           main] o.s.s.w.u.matcher.AntPathRequestMatcher  : Checking match of request : '/api/events'; against '/webjars/**'
2020-10-27 18:17:49.273 DEBUG 86389 --- [           main] o.s.s.web.util.matcher.OrRequestMatcher  : Trying to match using Ant [pattern='/**/favicon.ico']
2020-10-27 18:17:49.273 DEBUG 86389 --- [           main] o.s.s.w.u.matcher.AntPathRequestMatcher  : Checking match of request : '/api/events'; against '/**/favicon.ico'
2020-10-27 18:17:49.273 DEBUG 86389 --- [           main] o.s.s.web.util.matcher.OrRequestMatcher  : No matches found
2020-10-27 18:17:49.273 DEBUG 86389 --- [           main] o.s.security.web.FilterChainProxy        : /api/events at position 1 of 15 in additional filter chain; firing Filter: 'WebAsyncManagerIntegrationFilter'
2020-10-27 18:17:49.273 DEBUG 86389 --- [           main] o.s.security.web.FilterChainProxy        : /api/events at position 2 of 15 in additional filter chain; firing Filter: 'SecurityContextPersistenceFilter'
2020-10-27 18:17:49.273 DEBUG 86389 --- [           main] w.c.HttpSessionSecurityContextRepository : No HttpSession currently exists
2020-10-27 18:17:49.273 DEBUG 86389 --- [           main] w.c.HttpSessionSecurityContextRepository : No SecurityContext was available from the HttpSession: null. A new one will be created.
2020-10-27 18:17:49.273 DEBUG 86389 --- [           main] o.s.security.web.FilterChainProxy        : /api/events at position 3 of 15 in additional filter chain; firing Filter: 'HeaderWriterFilter'
2020-10-27 18:17:49.273 DEBUG 86389 --- [           main] o.s.security.web.FilterChainProxy        : /api/events at position 4 of 15 in additional filter chain; firing Filter: 'CsrfFilter'
2020-10-27 18:17:49.273 DEBUG 86389 --- [           main] o.s.security.web.csrf.CsrfFilter         : Invalid CSRF token found for http://localhost:8080/api/events
2020-10-27 18:17:49.273 DEBUG 86389 --- [           main] o.s.s.w.header.writers.HstsHeaderWriter  : Not injecting HSTS header since it did not match the requestMatcher org.springframework.security.web.header.writers.HstsHeaderWriter$SecureRequestMatcher@2c485b3a
2020-10-27 18:17:49.273 DEBUG 86389 --- [           main] w.c.HttpSessionSecurityContextRepository : SecurityContext is empty or contents are anonymous - context will not be stored in HttpSession.
2020-10-27 18:17:49.273 DEBUG 86389 --- [           main] s.s.w.c.SecurityContextPersistenceFilter : SecurityContextHolder now cleared, as request processing completed

MockHttpServletRequest:
      HTTP Method = POST
      Request URI = /api/events
       Parameters = {}
          Headers = {Content-Type=[application/json;charset=UTF-8], Accept=[application/hal+json]}
             Body = {"name":"Spring","description":"REST API Development with Spring","beginEnrollmentDateTime":"2018-11-23T14:20:00","closeEnrollmentDateTime":"2018-11-24T14:30:00","beginEventDateTime":"2018-11-25T14:30:00","endEventDateTime":"2018-11-26T14:30:00","location":"강남역 D2 스타텁 팩토리","basePrice":100,"maxPrice":200,"limitOfEnrollment":100}
    Session Attrs = {org.springframework.security.web.csrf.HttpSessionCsrfTokenRepository.CSRF_TOKEN=org.springframework.security.web.csrf.DefaultCsrfToken@503b5337}

Handler:
             Type = null

Async:
    Async started = false
     Async result = null

Resolved Exception:
             Type = null

ModelAndView:
        View name = null
             View = null
            Model = null

FlashMap:
       Attributes = null

MockHttpServletResponse:
           Status = 403
    Error message = Forbidden
          Headers = {X-Content-Type-Options=[nosniff], X-XSS-Protection=[1; mode=block], Cache-Control=[no-cache, no-store, max-age=0, must-revalidate], Pragma=[no-cache], Expires=[0], X-Frame-Options=[DENY]}
     Content type = null
             Body = 
    Forwarded URL = null
   Redirected URL = null
          Cookies = []

MockHttpServletRequest:
      HTTP Method = GET
      Request URI = /api
       Parameters = {}
          Headers = {}
             Body = null
    Session Attrs = {SPRING_SECURITY_SAVED_REQUEST=DefaultSavedRequest[http://localhost:8080/api]}

Handler:
             Type = null

Async:
    Async started = false
     Async result = null

Resolved Exception:
             Type = null

ModelAndView:
        View name = null
             View = null
            Model = null

FlashMap:
       Attributes = null

MockHttpServletResponse:
           Status = 401
    Error message = Unauthorized
          Headers = {WWW-Authenticate=[Basic realm="Realm"], X-Content-Type-Options=[nosniff], X-XSS-Protection=[1; mode=block], Cache-Control=[no-cache, no-store, max-age=0, must-revalidate], Pragma=[no-cache], Expires=[0], X-Frame-Options=[DENY]}
     Content type = null
             Body = 
    Forwarded URL = null
   Redirected URL = null
          Cookies = []

MockHttpServletRequest:
      HTTP Method = POST
      Request URI = /api/events
       Parameters = {}
          Headers = {Content-Type=[application/json;charset=UTF-8]}
             Body = {"name":null,"description":null,"beginEnrollmentDateTime":null,"closeEnrollmentDateTime":null,"beginEventDateTime":null,"endEventDateTime":null,"location":null,"basePrice":0,"maxPrice":0,"limitOfEnrollment":0}
    Session Attrs = {org.springframework.security.web.csrf.HttpSessionCsrfTokenRepository.CSRF_TOKEN=org.springframework.security.web.csrf.DefaultCsrfToken@11e36e5c}

Handler:
             Type = null

Async:
    Async started = false
     Async result = null

Resolved Exception:
             Type = null

ModelAndView:
        View name = null
             View = null
            Model = null

FlashMap:
       Attributes = null

MockHttpServletResponse:
           Status = 403
    Error message = Forbidden
          Headers = {X-Content-Type-Options=[nosniff], X-XSS-Protection=[1; mode=block], Cache-Control=[no-cache, no-store, max-age=0, must-revalidate], Pragma=[no-cache], Expires=[0], X-Frame-Options=[DENY]}
     Content type = null
             Body = 
    Forwarded URL = null
   Redirected URL = null
          Cookies = []

MockHttpServletRequest:
      HTTP Method = PUT
      Request URI = /api/events/2
       Parameters = {}
          Headers = {Content-Type=[application/json;charset=UTF-8]}
             Body = {"name":null,"description":null,"beginEnrollmentDateTime":null,"closeEnrollmentDateTime":null,"beginEventDateTime":null,"endEventDateTime":null,"location":null,"basePrice":0,"maxPrice":0,"limitOfEnrollment":0}
    Session Attrs = {org.springframework.security.web.csrf.HttpSessionCsrfTokenRepository.CSRF_TOKEN=org.springframework.security.web.csrf.DefaultCsrfToken@2ab87cb8}

Handler:
             Type = null

Async:
    Async started = false
     Async result = null

Resolved Exception:
             Type = null

ModelAndView:
        View name = null
             View = null
            Model = null

FlashMap:
       Attributes = null

MockHttpServletResponse:
           Status = 403
    Error message = Forbidden
          Headers = {X-Content-Type-Options=[nosniff], X-XSS-Protection=[1; mode=block], Cache-Control=[no-cache, no-store, max-age=0, must-revalidate], Pragma=[no-cache], Expires=[0], X-Frame-Options=[DENY]}
     Content type = null
             Body = 
    Forwarded URL = null
   Redirected URL = null
          Cookies = []

MockHttpServletRequest:
      HTTP Method = PUT
      Request URI = /api/events/3
       Parameters = {}
          Headers = {Content-Type=[application/json;charset=UTF-8]}
             Body = {"name":"Updated Event","description":"test event","beginEnrollmentDateTime":"2018-11-23T14:20:00","closeEnrollmentDateTime":"2018-11-24T14:30:00","beginEventDateTime":"2018-11-25T14:30:00","endEventDateTime":"2018-11-26T14:30:00","location":"강남역 D2 스타텁 팩토리","basePrice":100,"maxPrice":200,"limitOfEnrollment":100}
    Session Attrs = {org.springframework.security.web.csrf.HttpSessionCsrfTokenRepository.CSRF_TOKEN=org.springframework.security.web.csrf.DefaultCsrfToken@5a503cf0}

Handler:
             Type = null

Async:
    Async started = false
     Async result = null

Resolved Exception:
             Type = null

ModelAndView:
        View name = null
             View = null
            Model = null

FlashMap:
       Attributes = null

MockHttpServletResponse:
           Status = 403
    Error message = Forbidden
          Headers = {X-Content-Type-Options=[nosniff], X-XSS-Protection=[1; mode=block], Cache-Control=[no-cache, no-store, max-age=0, must-revalidate], Pragma=[no-cache], Expires=[0], X-Frame-Options=[DENY]}
     Content type = null
             Body = 
    Forwarded URL = null
   Redirected URL = null
          Cookies = []

MockHttpServletRequest:
      HTTP Method = POST
      Request URI = /api/events
       Parameters = {}
          Headers = {Content-Type=[application/json;charset=UTF-8], Accept=[application/hal+json]}
             Body = {"name":"Spring","description":"REST API Development with Spring","beginEnrollmentDateTime":"2018-11-23T14:20:00","closeEnrollmentDateTime":"2018-11-24T14:30:00","beginEventDateTime":"2018-11-25T14:30:00","endEventDateTime":"2018-11-26T14:30:00","location":"강남역 D2 스타텁 팩토리","basePrice":100,"maxPrice":200,"limitOfEnrollment":100}
    Session Attrs = {org.springframework.security.web.csrf.HttpSessionCsrfTokenRepository.CSRF_TOKEN=org.springframework.security.web.csrf.DefaultCsrfToken@503b5337}

Handler:
             Type = null

Async:
    Async started = false
     Async result = null

Resolved Exception:
             Type = null

ModelAndView:
        View name = null
             View = null
            Model = null

FlashMap:
       Attributes = null

MockHttpServletResponse:
           Status = 403
    Error message = Forbidden
          Headers = {X-Content-Type-Options=[nosniff], X-XSS-Protection=[1; mode=block], Cache-Control=[no-cache, no-store, max-age=0, must-revalidate], Pragma=[no-cache], Expires=[0], X-Frame-Options=[DENY]}
     Content type = null
             Body = 
    Forwarded URL = null
   Redirected URL = null
          Cookies = []
]]></system-out>
  </testcase>
  <testcase name="getEvent_404" classname="hansol9.rest.events.EventControllerTests" time="0.082">
    <failure message="Status expected:&lt;404&gt; but was:&lt;401&gt;" type="java.lang.AssertionError"><![CDATA[java.lang.AssertionError: Status expected:<404> but was:<401>
	at hansol9.rest.events.EventControllerTests.getEvent_404(EventControllerTests.java:258)
]]></failure>
    <system-out><![CDATA[2020-10-27 18:17:49.278 DEBUG 86389 --- [           main] o.s.s.web.util.matcher.OrRequestMatcher  : Trying to match using Ant [pattern='/css/**']
2020-10-27 18:17:49.278 DEBUG 86389 --- [           main] o.s.s.w.u.matcher.AntPathRequestMatcher  : Checking match of request : '/api/events/2000'; against '/css/**'
2020-10-27 18:17:49.278 DEBUG 86389 --- [           main] o.s.s.web.util.matcher.OrRequestMatcher  : Trying to match using Ant [pattern='/js/**']
2020-10-27 18:17:49.278 DEBUG 86389 --- [           main] o.s.s.w.u.matcher.AntPathRequestMatcher  : Checking match of request : '/api/events/2000'; against '/js/**'
2020-10-27 18:17:49.278 DEBUG 86389 --- [           main] o.s.s.web.util.matcher.OrRequestMatcher  : Trying to match using Ant [pattern='/images/**']
2020-10-27 18:17:49.278 DEBUG 86389 --- [           main] o.s.s.w.u.matcher.AntPathRequestMatcher  : Checking match of request : '/api/events/2000'; against '/images/**'
2020-10-27 18:17:49.278 DEBUG 86389 --- [           main] o.s.s.web.util.matcher.OrRequestMatcher  : Trying to match using Ant [pattern='/webjars/**']
2020-10-27 18:17:49.278 DEBUG 86389 --- [           main] o.s.s.w.u.matcher.AntPathRequestMatcher  : Checking match of request : '/api/events/2000'; against '/webjars/**'
2020-10-27 18:17:49.278 DEBUG 86389 --- [           main] o.s.s.web.util.matcher.OrRequestMatcher  : Trying to match using Ant [pattern='/**/favicon.ico']
2020-10-27 18:17:49.278 DEBUG 86389 --- [           main] o.s.s.w.u.matcher.AntPathRequestMatcher  : Checking match of request : '/api/events/2000'; against '/**/favicon.ico'
2020-10-27 18:17:49.278 DEBUG 86389 --- [           main] o.s.s.web.util.matcher.OrRequestMatcher  : No matches found
2020-10-27 18:17:49.278 DEBUG 86389 --- [           main] o.s.security.web.FilterChainProxy        : /api/events/2000 at position 1 of 15 in additional filter chain; firing Filter: 'WebAsyncManagerIntegrationFilter'
2020-10-27 18:17:49.278 DEBUG 86389 --- [           main] o.s.security.web.FilterChainProxy        : /api/events/2000 at position 2 of 15 in additional filter chain; firing Filter: 'SecurityContextPersistenceFilter'
2020-10-27 18:17:49.278 DEBUG 86389 --- [           main] w.c.HttpSessionSecurityContextRepository : No HttpSession currently exists
2020-10-27 18:17:49.278 DEBUG 86389 --- [           main] w.c.HttpSessionSecurityContextRepository : No SecurityContext was available from the HttpSession: null. A new one will be created.
2020-10-27 18:17:49.278 DEBUG 86389 --- [           main] o.s.security.web.FilterChainProxy        : /api/events/2000 at position 3 of 15 in additional filter chain; firing Filter: 'HeaderWriterFilter'
2020-10-27 18:17:49.278 DEBUG 86389 --- [           main] o.s.security.web.FilterChainProxy        : /api/events/2000 at position 4 of 15 in additional filter chain; firing Filter: 'CsrfFilter'
2020-10-27 18:17:49.278 DEBUG 86389 --- [           main] o.s.security.web.FilterChainProxy        : /api/events/2000 at position 5 of 15 in additional filter chain; firing Filter: 'LogoutFilter'
2020-10-27 18:17:49.278 DEBUG 86389 --- [           main] o.s.s.w.u.matcher.AntPathRequestMatcher  : Request 'GET /api/events/2000' doesn't match 'POST /logout'
2020-10-27 18:17:49.278 DEBUG 86389 --- [           main] o.s.security.web.FilterChainProxy        : /api/events/2000 at position 6 of 15 in additional filter chain; firing Filter: 'UsernamePasswordAuthenticationFilter'
2020-10-27 18:17:49.278 DEBUG 86389 --- [           main] o.s.s.w.u.matcher.AntPathRequestMatcher  : Request 'GET /api/events/2000' doesn't match 'POST /login'
2020-10-27 18:17:49.278 DEBUG 86389 --- [           main] o.s.security.web.FilterChainProxy        : /api/events/2000 at position 7 of 15 in additional filter chain; firing Filter: 'DefaultLoginPageGeneratingFilter'
2020-10-27 18:17:49.278 DEBUG 86389 --- [           main] o.s.security.web.FilterChainProxy        : /api/events/2000 at position 8 of 15 in additional filter chain; firing Filter: 'DefaultLogoutPageGeneratingFilter'
2020-10-27 18:17:49.278 DEBUG 86389 --- [           main] o.s.s.w.u.matcher.AntPathRequestMatcher  : Checking match of request : '/api/events/2000'; against '/logout'
2020-10-27 18:17:49.279 DEBUG 86389 --- [           main] o.s.security.web.FilterChainProxy        : /api/events/2000 at position 9 of 15 in additional filter chain; firing Filter: 'BasicAuthenticationFilter'
2020-10-27 18:17:49.279 DEBUG 86389 --- [           main] o.s.security.web.FilterChainProxy        : /api/events/2000 at position 10 of 15 in additional filter chain; firing Filter: 'RequestCacheAwareFilter'
2020-10-27 18:17:49.279 DEBUG 86389 --- [           main] o.s.s.w.s.HttpSessionRequestCache        : saved request doesn't match
2020-10-27 18:17:49.279 DEBUG 86389 --- [           main] o.s.security.web.FilterChainProxy        : /api/events/2000 at position 11 of 15 in additional filter chain; firing Filter: 'SecurityContextHolderAwareRequestFilter'
2020-10-27 18:17:49.279 DEBUG 86389 --- [           main] o.s.security.web.FilterChainProxy        : /api/events/2000 at position 12 of 15 in additional filter chain; firing Filter: 'AnonymousAuthenticationFilter'
2020-10-27 18:17:49.279 DEBUG 86389 --- [           main] o.s.s.w.a.AnonymousAuthenticationFilter  : Populated SecurityContextHolder with anonymous token: 'org.springframework.security.authentication.AnonymousAuthenticationToken@d1c71378: Principal: anonymousUser; Credentials: [PROTECTED]; Authenticated: true; Details: org.springframework.security.web.authentication.WebAuthenticationDetails@957e: RemoteIpAddress: 127.0.0.1; SessionId: null; Granted Authorities: ROLE_ANONYMOUS'
2020-10-27 18:17:49.279 DEBUG 86389 --- [           main] o.s.security.web.FilterChainProxy        : /api/events/2000 at position 13 of 15 in additional filter chain; firing Filter: 'SessionManagementFilter'
2020-10-27 18:17:49.279 DEBUG 86389 --- [           main] o.s.security.web.FilterChainProxy        : /api/events/2000 at position 14 of 15 in additional filter chain; firing Filter: 'ExceptionTranslationFilter'
2020-10-27 18:17:49.279 DEBUG 86389 --- [           main] o.s.security.web.FilterChainProxy        : /api/events/2000 at position 15 of 15 in additional filter chain; firing Filter: 'FilterSecurityInterceptor'
2020-10-27 18:17:49.279 DEBUG 86389 --- [           main] o.s.s.w.a.i.FilterSecurityInterceptor    : Secure object: FilterInvocation: URL: /api/events/2000; Attributes: [authenticated]
2020-10-27 18:17:49.279 DEBUG 86389 --- [           main] o.s.s.w.a.i.FilterSecurityInterceptor    : Previously Authenticated: org.springframework.security.authentication.AnonymousAuthenticationToken@d1c71378: Principal: anonymousUser; Credentials: [PROTECTED]; Authenticated: true; Details: org.springframework.security.web.authentication.WebAuthenticationDetails@957e: RemoteIpAddress: 127.0.0.1; SessionId: null; Granted Authorities: ROLE_ANONYMOUS
2020-10-27 18:17:49.279 DEBUG 86389 --- [           main] o.s.s.access.vote.AffirmativeBased       : Voter: org.springframework.security.web.access.expression.WebExpressionVoter@4f1aa2bc, returned: -1
2020-10-27 18:17:49.280 DEBUG 86389 --- [           main] o.s.s.w.a.ExceptionTranslationFilter     : Access is denied (user is anonymous); redirecting to authentication entry point

org.springframework.security.access.AccessDeniedException: Access is denied
	at org.springframework.security.access.vote.AffirmativeBased.decide(AffirmativeBased.java:84) ~[spring-security-core-5.1.1.RELEASE.jar:5.1.1.RELEASE]
	at org.springframework.security.access.intercept.AbstractSecurityInterceptor.beforeInvocation(AbstractSecurityInterceptor.java:233) ~[spring-security-core-5.1.1.RELEASE.jar:5.1.1.RELEASE]
	at org.springframework.security.web.access.intercept.FilterSecurityInterceptor.invoke(FilterSecurityInterceptor.java:124) ~[spring-security-web-5.1.1.RELEASE.jar:5.1.1.RELEASE]
	at org.springframework.security.web.access.intercept.FilterSecurityInterceptor.doFilter(FilterSecurityInterceptor.java:91) ~[spring-security-web-5.1.1.RELEASE.jar:5.1.1.RELEASE]
	at org.springframework.security.web.FilterChainProxy$VirtualFilterChain.doFilter(FilterChainProxy.java:334) ~[spring-security-web-5.1.1.RELEASE.jar:5.1.1.RELEASE]
	at org.springframework.security.web.access.ExceptionTranslationFilter.doFilter(ExceptionTranslationFilter.java:119) ~[spring-security-web-5.1.1.RELEASE.jar:5.1.1.RELEASE]
	at org.springframework.security.web.FilterChainProxy$VirtualFilterChain.doFilter(FilterChainProxy.java:334) ~[spring-security-web-5.1.1.RELEASE.jar:5.1.1.RELEASE]
	at org.springframework.security.web.session.SessionManagementFilter.doFilter(SessionManagementFilter.java:137) ~[spring-security-web-5.1.1.RELEASE.jar:5.1.1.RELEASE]
	at org.springframework.security.web.FilterChainProxy$VirtualFilterChain.doFilter(FilterChainProxy.java:334) ~[spring-security-web-5.1.1.RELEASE.jar:5.1.1.RELEASE]
	at org.springframework.security.web.authentication.AnonymousAuthenticationFilter.doFilter(AnonymousAuthenticationFilter.java:111) ~[spring-security-web-5.1.1.RELEASE.jar:5.1.1.RELEASE]
	at org.springframework.security.web.FilterChainProxy$VirtualFilterChain.doFilter(FilterChainProxy.java:334) ~[spring-security-web-5.1.1.RELEASE.jar:5.1.1.RELEASE]
	at org.springframework.security.web.servletapi.SecurityContextHolderAwareRequestFilter.doFilter(SecurityContextHolderAwareRequestFilter.java:170) ~[spring-security-web-5.1.1.RELEASE.jar:5.1.1.RELEASE]
	at org.springframework.security.web.FilterChainProxy$VirtualFilterChain.doFilter(FilterChainProxy.java:334) ~[spring-security-web-5.1.1.RELEASE.jar:5.1.1.RELEASE]
	at org.springframework.security.web.savedrequest.RequestCacheAwareFilter.doFilter(RequestCacheAwareFilter.java:63) ~[spring-security-web-5.1.1.RELEASE.jar:5.1.1.RELEASE]
	at org.springframework.security.web.FilterChainProxy$VirtualFilterChain.doFilter(FilterChainProxy.java:334) ~[spring-security-web-5.1.1.RELEASE.jar:5.1.1.RELEASE]
	at org.springframework.security.web.authentication.www.BasicAuthenticationFilter.doFilterInternal(BasicAuthenticationFilter.java:158) ~[spring-security-web-5.1.1.RELEASE.jar:5.1.1.RELEASE]
	at org.springframework.web.filter.OncePerRequestFilter.doFilter(OncePerRequestFilter.java:107) ~[spring-web-5.1.2.RELEASE.jar:5.1.2.RELEASE]
	at org.springframework.security.web.FilterChainProxy$VirtualFilterChain.doFilter(FilterChainProxy.java:334) ~[spring-security-web-5.1.1.RELEASE.jar:5.1.1.RELEASE]
	at org.springframework.security.web.authentication.ui.DefaultLogoutPageGeneratingFilter.doFilterInternal(DefaultLogoutPageGeneratingFilter.java:52) ~[spring-security-web-5.1.1.RELEASE.jar:5.1.1.RELEASE]
	at org.springframework.web.filter.OncePerRequestFilter.doFilter(OncePerRequestFilter.java:107) ~[spring-web-5.1.2.RELEASE.jar:5.1.2.RELEASE]
	at org.springframework.security.web.FilterChainProxy$VirtualFilterChain.doFilter(FilterChainProxy.java:334) ~[spring-security-web-5.1.1.RELEASE.jar:5.1.1.RELEASE]
	at org.springframework.security.web.authentication.ui.DefaultLoginPageGeneratingFilter.doFilter(DefaultLoginPageGeneratingFilter.java:206) ~[spring-security-web-5.1.1.RELEASE.jar:5.1.1.RELEASE]
	at org.springframework.security.web.FilterChainProxy$VirtualFilterChain.doFilter(FilterChainProxy.java:334) ~[spring-security-web-5.1.1.RELEASE.jar:5.1.1.RELEASE]
	at org.springframework.security.web.authentication.AbstractAuthenticationProcessingFilter.doFilter(AbstractAuthenticationProcessingFilter.java:200) ~[spring-security-web-5.1.1.RELEASE.jar:5.1.1.RELEASE]
	at org.springframework.security.web.FilterChainProxy$VirtualFilterChain.doFilter(FilterChainProxy.java:334) ~[spring-security-web-5.1.1.RELEASE.jar:5.1.1.RELEASE]
	at org.springframework.security.web.authentication.logout.LogoutFilter.doFilter(LogoutFilter.java:116) ~[spring-security-web-5.1.1.RELEASE.jar:5.1.1.RELEASE]
	at org.springframework.security.web.FilterChainProxy$VirtualFilterChain.doFilter(FilterChainProxy.java:334) ~[spring-security-web-5.1.1.RELEASE.jar:5.1.1.RELEASE]
	at org.springframework.security.web.csrf.CsrfFilter.doFilterInternal(CsrfFilter.java:100) ~[spring-security-web-5.1.1.RELEASE.jar:5.1.1.RELEASE]
	at org.springframework.web.filter.OncePerRequestFilter.doFilter(OncePerRequestFilter.java:107) ~[spring-web-5.1.2.RELEASE.jar:5.1.2.RELEASE]
	at org.springframework.security.web.FilterChainProxy$VirtualFilterChain.doFilter(FilterChainProxy.java:334) ~[spring-security-web-5.1.1.RELEASE.jar:5.1.1.RELEASE]
	at org.springframework.security.web.header.HeaderWriterFilter.doFilterInternal(HeaderWriterFilter.java:66) ~[spring-security-web-5.1.1.RELEASE.jar:5.1.1.RELEASE]
	at org.springframework.web.filter.OncePerRequestFilter.doFilter(OncePerRequestFilter.java:107) ~[spring-web-5.1.2.RELEASE.jar:5.1.2.RELEASE]
	at org.springframework.security.web.FilterChainProxy$VirtualFilterChain.doFilter(FilterChainProxy.java:334) ~[spring-security-web-5.1.1.RELEASE.jar:5.1.1.RELEASE]
	at org.springframework.security.web.context.SecurityContextPersistenceFilter.doFilter(SecurityContextPersistenceFilter.java:105) ~[spring-security-web-5.1.1.RELEASE.jar:5.1.1.RELEASE]
	at org.springframework.security.web.FilterChainProxy$VirtualFilterChain.doFilter(FilterChainProxy.java:334) ~[spring-security-web-5.1.1.RELEASE.jar:5.1.1.RELEASE]
	at org.springframework.security.web.context.request.async.WebAsyncManagerIntegrationFilter.doFilterInternal(WebAsyncManagerIntegrationFilter.java:56) ~[spring-security-web-5.1.1.RELEASE.jar:5.1.1.RELEASE]
	at org.springframework.web.filter.OncePerRequestFilter.doFilter(OncePerRequestFilter.java:107) ~[spring-web-5.1.2.RELEASE.jar:5.1.2.RELEASE]
	at org.springframework.security.web.FilterChainProxy$VirtualFilterChain.doFilter(FilterChainProxy.java:334) ~[spring-security-web-5.1.1.RELEASE.jar:5.1.1.RELEASE]
	at org.springframework.security.web.FilterChainProxy.doFilterInternal(FilterChainProxy.java:215) ~[spring-security-web-5.1.1.RELEASE.jar:5.1.1.RELEASE]
	at org.springframework.security.web.FilterChainProxy.doFilter(FilterChainProxy.java:178) ~[spring-security-web-5.1.1.RELEASE.jar:5.1.1.RELEASE]
	at org.springframework.web.filter.DelegatingFilterProxy.invokeDelegate(DelegatingFilterProxy.java:357) ~[spring-web-5.1.2.RELEASE.jar:5.1.2.RELEASE]
	at org.springframework.web.filter.DelegatingFilterProxy.doFilter(DelegatingFilterProxy.java:270) ~[spring-web-5.1.2.RELEASE.jar:5.1.2.RELEASE]
	at org.springframework.mock.web.MockFilterChain.doFilter(MockFilterChain.java:133) ~[spring-test-5.1.2.RELEASE.jar:5.1.2.RELEASE]
	at org.springframework.web.filter.RequestContextFilter.doFilterInternal(RequestContextFilter.java:99) ~[spring-web-5.1.2.RELEASE.jar:5.1.2.RELEASE]
	at org.springframework.web.filter.OncePerRequestFilter.doFilter(OncePerRequestFilter.java:107) ~[spring-web-5.1.2.RELEASE.jar:5.1.2.RELEASE]
	at org.springframework.mock.web.MockFilterChain.doFilter(MockFilterChain.java:133) ~[spring-test-5.1.2.RELEASE.jar:5.1.2.RELEASE]
	at org.springframework.web.filter.FormContentFilter.doFilterInternal(FormContentFilter.java:92) ~[spring-web-5.1.2.RELEASE.jar:5.1.2.RELEASE]
	at org.springframework.web.filter.OncePerRequestFilter.doFilter(OncePerRequestFilter.java:107) ~[spring-web-5.1.2.RELEASE.jar:5.1.2.RELEASE]
	at org.springframework.mock.web.MockFilterChain.doFilter(MockFilterChain.java:133) ~[spring-test-5.1.2.RELEASE.jar:5.1.2.RELEASE]
	at org.springframework.web.filter.HiddenHttpMethodFilter.doFilterInternal(HiddenHttpMethodFilter.java:93) ~[spring-web-5.1.2.RELEASE.jar:5.1.2.RELEASE]
	at org.springframework.web.filter.OncePerRequestFilter.doFilter(OncePerRequestFilter.java:107) ~[spring-web-5.1.2.RELEASE.jar:5.1.2.RELEASE]
	at org.springframework.mock.web.MockFilterChain.doFilter(MockFilterChain.java:133) ~[spring-test-5.1.2.RELEASE.jar:5.1.2.RELEASE]
	at org.springframework.web.filter.CharacterEncodingFilter.doFilterInternal(CharacterEncodingFilter.java:200) ~[spring-web-5.1.2.RELEASE.jar:5.1.2.RELEASE]
	at org.springframework.web.filter.OncePerRequestFilter.doFilter(OncePerRequestFilter.java:107) ~[spring-web-5.1.2.RELEASE.jar:5.1.2.RELEASE]
	at org.springframework.mock.web.MockFilterChain.doFilter(MockFilterChain.java:133) ~[spring-test-5.1.2.RELEASE.jar:5.1.2.RELEASE]
	at org.springframework.test.web.servlet.MockMvc.perform(MockMvc.java:182) ~[spring-test-5.1.2.RELEASE.jar:5.1.2.RELEASE]
	at hansol9.rest.events.EventControllerTests.getEvent_404(EventControllerTests.java:254) ~[test-classes/:na]
	at java.base/jdk.internal.reflect.NativeMethodAccessorImpl.invoke0(Native Method) ~[na:na]
	at java.base/jdk.internal.reflect.NativeMethodAccessorImpl.invoke(NativeMethodAccessorImpl.java:62) ~[na:na]
	at java.base/jdk.internal.reflect.DelegatingMethodAccessorImpl.invoke(DelegatingMethodAccessorImpl.java:43) ~[na:na]
	at java.base/java.lang.reflect.Method.invoke(Method.java:566) ~[na:na]
	at org.junit.runners.model.FrameworkMethod$1.runReflectiveCall(FrameworkMethod.java:50) ~[junit-4.12.jar:4.12]
	at org.junit.internal.runners.model.ReflectiveCallable.run(ReflectiveCallable.java:12) ~[junit-4.12.jar:4.12]
	at org.junit.runners.model.FrameworkMethod.invokeExplosively(FrameworkMethod.java:47) ~[junit-4.12.jar:4.12]
	at org.junit.internal.runners.statements.InvokeMethod.evaluate(InvokeMethod.java:17) ~[junit-4.12.jar:4.12]
	at org.springframework.test.context.junit4.statements.RunBeforeTestExecutionCallbacks.evaluate(RunBeforeTestExecutionCallbacks.java:74) ~[spring-test-5.1.2.RELEASE.jar:5.1.2.RELEASE]
	at org.springframework.test.context.junit4.statements.RunAfterTestExecutionCallbacks.evaluate(RunAfterTestExecutionCallbacks.java:84) ~[spring-test-5.1.2.RELEASE.jar:5.1.2.RELEASE]
	at org.springframework.test.context.junit4.statements.RunBeforeTestMethodCallbacks.evaluate(RunBeforeTestMethodCallbacks.java:75) ~[spring-test-5.1.2.RELEASE.jar:5.1.2.RELEASE]
	at org.springframework.test.context.junit4.statements.RunAfterTestMethodCallbacks.evaluate(RunAfterTestMethodCallbacks.java:86) ~[spring-test-5.1.2.RELEASE.jar:5.1.2.RELEASE]
	at org.springframework.test.context.junit4.statements.SpringRepeat.evaluate(SpringRepeat.java:84) ~[spring-test-5.1.2.RELEASE.jar:5.1.2.RELEASE]
	at org.junit.runners.ParentRunner.runLeaf(ParentRunner.java:325) ~[junit-4.12.jar:4.12]
	at org.springframework.test.context.junit4.SpringJUnit4ClassRunner.runChild(SpringJUnit4ClassRunner.java:251) ~[spring-test-5.1.2.RELEASE.jar:5.1.2.RELEASE]
	at org.springframework.test.context.junit4.SpringJUnit4ClassRunner.runChild(SpringJUnit4ClassRunner.java:97) ~[spring-test-5.1.2.RELEASE.jar:5.1.2.RELEASE]
	at org.junit.runners.ParentRunner$3.run(ParentRunner.java:290) ~[junit-4.12.jar:4.12]
	at org.junit.runners.ParentRunner$1.schedule(ParentRunner.java:71) ~[junit-4.12.jar:4.12]
	at org.junit.runners.ParentRunner.runChildren(ParentRunner.java:288) ~[junit-4.12.jar:4.12]
	at org.junit.runners.ParentRunner.access$000(ParentRunner.java:58) ~[junit-4.12.jar:4.12]
	at org.junit.runners.ParentRunner$2.evaluate(ParentRunner.java:268) ~[junit-4.12.jar:4.12]
	at org.springframework.test.context.junit4.statements.RunBeforeTestClassCallbacks.evaluate(RunBeforeTestClassCallbacks.java:61) ~[spring-test-5.1.2.RELEASE.jar:5.1.2.RELEASE]
	at org.springframework.test.context.junit4.statements.RunAfterTestClassCallbacks.evaluate(RunAfterTestClassCallbacks.java:70) ~[spring-test-5.1.2.RELEASE.jar:5.1.2.RELEASE]
	at org.junit.runners.ParentRunner.run(ParentRunner.java:363) ~[junit-4.12.jar:4.12]
	at org.springframework.test.context.junit4.SpringJUnit4ClassRunner.run(SpringJUnit4ClassRunner.java:190) ~[spring-test-5.1.2.RELEASE.jar:5.1.2.RELEASE]
	at org.apache.maven.surefire.junit4.JUnit4Provider.execute(JUnit4Provider.java:365) ~[surefire-junit4-2.22.1.jar:2.22.1]
	at org.apache.maven.surefire.junit4.JUnit4Provider.executeWithRerun(JUnit4Provider.java:273) ~[surefire-junit4-2.22.1.jar:2.22.1]
	at org.apache.maven.surefire.junit4.JUnit4Provider.executeTestSet(JUnit4Provider.java:238) ~[surefire-junit4-2.22.1.jar:2.22.1]
	at org.apache.maven.surefire.junit4.JUnit4Provider.invoke(JUnit4Provider.java:159) ~[surefire-junit4-2.22.1.jar:2.22.1]
	at org.apache.maven.surefire.booter.ForkedBooter.invokeProviderInSameClassLoader(ForkedBooter.java:384) ~[surefire-booter-2.22.1.jar:2.22.1]
	at org.apache.maven.surefire.booter.ForkedBooter.runSuitesInProcess(ForkedBooter.java:345) ~[surefire-booter-2.22.1.jar:2.22.1]
	at org.apache.maven.surefire.booter.ForkedBooter.execute(ForkedBooter.java:126) ~[surefire-booter-2.22.1.jar:2.22.1]
	at org.apache.maven.surefire.booter.ForkedBooter.main(ForkedBooter.java:418) ~[surefire-booter-2.22.1.jar:2.22.1]

2020-10-27 18:17:49.280 DEBUG 86389 --- [           main] o.s.s.w.util.matcher.AndRequestMatcher   : Trying to match using Ant [pattern='/**', GET]
2020-10-27 18:17:49.280 DEBUG 86389 --- [           main] o.s.s.w.u.matcher.AntPathRequestMatcher  : Request '/api/events/2000' matched by universal pattern '/**'
2020-10-27 18:17:49.280 DEBUG 86389 --- [           main] o.s.s.w.util.matcher.AndRequestMatcher   : Trying to match using NegatedRequestMatcher [requestMatcher=Ant [pattern='/**/favicon.*']]
2020-10-27 18:17:49.280 DEBUG 86389 --- [           main] o.s.s.w.u.matcher.AntPathRequestMatcher  : Checking match of request : '/api/events/2000'; against '/**/favicon.*'
2020-10-27 18:17:49.280 DEBUG 86389 --- [           main] o.s.s.w.u.matcher.NegatedRequestMatcher  : matches = true
2020-10-27 18:17:49.280 DEBUG 86389 --- [           main] o.s.s.w.util.matcher.AndRequestMatcher   : Trying to match using NegatedRequestMatcher [requestMatcher=MediaTypeRequestMatcher [contentNegotiationStrategy=org.springframework.web.accept.ContentNegotiationManager@44da745f, matchingMediaTypes=[application/json], useEquals=false, ignoredMediaTypes=[*/*]]]
2020-10-27 18:17:49.281 DEBUG 86389 --- [           main] o.s.s.w.u.m.MediaTypeRequestMatcher      : httpRequestMediaTypes=[*/*]
2020-10-27 18:17:49.281 DEBUG 86389 --- [           main] o.s.s.w.u.m.MediaTypeRequestMatcher      : Processing */*
2020-10-27 18:17:49.281 DEBUG 86389 --- [           main] o.s.s.w.u.m.MediaTypeRequestMatcher      : Ignoring
2020-10-27 18:17:49.281 DEBUG 86389 --- [           main] o.s.s.w.u.m.MediaTypeRequestMatcher      : Did not match any media types
2020-10-27 18:17:49.281 DEBUG 86389 --- [           main] o.s.s.w.u.matcher.NegatedRequestMatcher  : matches = true
2020-10-27 18:17:49.281 DEBUG 86389 --- [           main] o.s.s.w.util.matcher.AndRequestMatcher   : Trying to match using NegatedRequestMatcher [requestMatcher=RequestHeaderRequestMatcher [expectedHeaderName=X-Requested-With, expectedHeaderValue=XMLHttpRequest]]
2020-10-27 18:17:49.281 DEBUG 86389 --- [           main] o.s.s.w.u.matcher.NegatedRequestMatcher  : matches = true
2020-10-27 18:17:49.281 DEBUG 86389 --- [           main] o.s.s.w.util.matcher.AndRequestMatcher   : All requestMatchers returned true
2020-10-27 18:17:49.281 DEBUG 86389 --- [           main] o.s.s.w.s.HttpSessionRequestCache        : DefaultSavedRequest added to Session: DefaultSavedRequest[http://localhost:8080/api/events/2000]
2020-10-27 18:17:49.281 DEBUG 86389 --- [           main] o.s.s.w.a.ExceptionTranslationFilter     : Calling Authentication entry point.
2020-10-27 18:17:49.281 DEBUG 86389 --- [           main] s.w.a.DelegatingAuthenticationEntryPoint : Trying to match using AndRequestMatcher [requestMatchers=[NegatedRequestMatcher [requestMatcher=RequestHeaderRequestMatcher [expectedHeaderName=X-Requested-With, expectedHeaderValue=XMLHttpRequest]], MediaTypeRequestMatcher [contentNegotiationStrategy=org.springframework.web.accept.ContentNegotiationManager@44da745f, matchingMediaTypes=[application/xhtml+xml, image/*, text/html, text/plain], useEquals=false, ignoredMediaTypes=[*/*]]]]
2020-10-27 18:17:49.281 DEBUG 86389 --- [           main] o.s.s.w.util.matcher.AndRequestMatcher   : Trying to match using NegatedRequestMatcher [requestMatcher=RequestHeaderRequestMatcher [expectedHeaderName=X-Requested-With, expectedHeaderValue=XMLHttpRequest]]
2020-10-27 18:17:49.281 DEBUG 86389 --- [           main] o.s.s.w.u.matcher.NegatedRequestMatcher  : matches = true
2020-10-27 18:17:49.281 DEBUG 86389 --- [           main] o.s.s.w.util.matcher.AndRequestMatcher   : Trying to match using MediaTypeRequestMatcher [contentNegotiationStrategy=org.springframework.web.accept.ContentNegotiationManager@44da745f, matchingMediaTypes=[application/xhtml+xml, image/*, text/html, text/plain], useEquals=false, ignoredMediaTypes=[*/*]]
2020-10-27 18:17:49.281 DEBUG 86389 --- [           main] o.s.s.w.u.m.MediaTypeRequestMatcher      : httpRequestMediaTypes=[*/*]
2020-10-27 18:17:49.281 DEBUG 86389 --- [           main] o.s.s.w.u.m.MediaTypeRequestMatcher      : Processing */*
2020-10-27 18:17:49.281 DEBUG 86389 --- [           main] o.s.s.w.u.m.MediaTypeRequestMatcher      : Ignoring
2020-10-27 18:17:49.281 DEBUG 86389 --- [           main] o.s.s.w.u.m.MediaTypeRequestMatcher      : Did not match any media types
2020-10-27 18:17:49.281 DEBUG 86389 --- [           main] o.s.s.w.util.matcher.AndRequestMatcher   : Did not match
2020-10-27 18:17:49.281 DEBUG 86389 --- [           main] s.w.a.DelegatingAuthenticationEntryPoint : Trying to match using OrRequestMatcher [requestMatchers=[RequestHeaderRequestMatcher [expectedHeaderName=X-Requested-With, expectedHeaderValue=XMLHttpRequest], AndRequestMatcher [requestMatchers=[NegatedRequestMatcher [requestMatcher=MediaTypeRequestMatcher [contentNegotiationStrategy=org.springframework.web.accept.ContentNegotiationManager@44da745f, matchingMediaTypes=[text/html], useEquals=false, ignoredMediaTypes=[]]], MediaTypeRequestMatcher [contentNegotiationStrategy=org.springframework.web.accept.ContentNegotiationManager@44da745f, matchingMediaTypes=[application/atom+xml, application/x-www-form-urlencoded, application/json, application/octet-stream, application/xml, multipart/form-data, text/xml], useEquals=false, ignoredMediaTypes=[*/*]]]], MediaTypeRequestMatcher [contentNegotiationStrategy=org.springframework.web.accept.ContentNegotiationManager@44da745f, matchingMediaTypes=[*/*], useEquals=true, ignoredMediaTypes=[]]]]
2020-10-27 18:17:49.281 DEBUG 86389 --- [           main] o.s.s.web.util.matcher.OrRequestMatcher  : Trying to match using RequestHeaderRequestMatcher [expectedHeaderName=X-Requested-With, expectedHeaderValue=XMLHttpRequest]
2020-10-27 18:17:49.281 DEBUG 86389 --- [           main] o.s.s.web.util.matcher.OrRequestMatcher  : Trying to match using AndRequestMatcher [requestMatchers=[NegatedRequestMatcher [requestMatcher=MediaTypeRequestMatcher [contentNegotiationStrategy=org.springframework.web.accept.ContentNegotiationManager@44da745f, matchingMediaTypes=[text/html], useEquals=false, ignoredMediaTypes=[]]], MediaTypeRequestMatcher [contentNegotiationStrategy=org.springframework.web.accept.ContentNegotiationManager@44da745f, matchingMediaTypes=[application/atom+xml, application/x-www-form-urlencoded, application/json, application/octet-stream, application/xml, multipart/form-data, text/xml], useEquals=false, ignoredMediaTypes=[*/*]]]]
2020-10-27 18:17:49.281 DEBUG 86389 --- [           main] o.s.s.w.util.matcher.AndRequestMatcher   : Trying to match using NegatedRequestMatcher [requestMatcher=MediaTypeRequestMatcher [contentNegotiationStrategy=org.springframework.web.accept.ContentNegotiationManager@44da745f, matchingMediaTypes=[text/html], useEquals=false, ignoredMediaTypes=[]]]
2020-10-27 18:17:49.281 DEBUG 86389 --- [           main] o.s.s.w.u.m.MediaTypeRequestMatcher      : httpRequestMediaTypes=[*/*]
2020-10-27 18:17:49.281 DEBUG 86389 --- [           main] o.s.s.w.u.m.MediaTypeRequestMatcher      : Processing */*
2020-10-27 18:17:49.281 DEBUG 86389 --- [           main] o.s.s.w.u.m.MediaTypeRequestMatcher      : text/html .isCompatibleWith */* = true
2020-10-27 18:17:49.281 DEBUG 86389 --- [           main] o.s.s.w.u.matcher.NegatedRequestMatcher  : matches = false
2020-10-27 18:17:49.281 DEBUG 86389 --- [           main] o.s.s.w.util.matcher.AndRequestMatcher   : Did not match
2020-10-27 18:17:49.281 DEBUG 86389 --- [           main] o.s.s.web.util.matcher.OrRequestMatcher  : Trying to match using MediaTypeRequestMatcher [contentNegotiationStrategy=org.springframework.web.accept.ContentNegotiationManager@44da745f, matchingMediaTypes=[*/*], useEquals=true, ignoredMediaTypes=[]]
2020-10-27 18:17:49.281 DEBUG 86389 --- [           main] o.s.s.w.u.m.MediaTypeRequestMatcher      : httpRequestMediaTypes=[*/*]
2020-10-27 18:17:49.281 DEBUG 86389 --- [           main] o.s.s.w.u.m.MediaTypeRequestMatcher      : Processing */*
2020-10-27 18:17:49.281 DEBUG 86389 --- [           main] o.s.s.w.u.m.MediaTypeRequestMatcher      : isEqualTo true
2020-10-27 18:17:49.281 DEBUG 86389 --- [           main] o.s.s.web.util.matcher.OrRequestMatcher  : matched
2020-10-27 18:17:49.281 DEBUG 86389 --- [           main] s.w.a.DelegatingAuthenticationEntryPoint : Match found! Executing org.springframework.security.web.authentication.DelegatingAuthenticationEntryPoint@147ad4bb
2020-10-27 18:17:49.281 DEBUG 86389 --- [           main] s.w.a.DelegatingAuthenticationEntryPoint : Trying to match using RequestHeaderRequestMatcher [expectedHeaderName=X-Requested-With, expectedHeaderValue=XMLHttpRequest]
2020-10-27 18:17:49.281 DEBUG 86389 --- [           main] s.w.a.DelegatingAuthenticationEntryPoint : No match found. Using default entry point org.springframework.security.web.authentication.www.BasicAuthenticationEntryPoint@20e9b10b
2020-10-27 18:17:49.282 DEBUG 86389 --- [           main] o.s.s.w.header.writers.HstsHeaderWriter  : Not injecting HSTS header since it did not match the requestMatcher org.springframework.security.web.header.writers.HstsHeaderWriter$SecureRequestMatcher@2c485b3a
2020-10-27 18:17:49.282 DEBUG 86389 --- [           main] w.c.HttpSessionSecurityContextRepository : SecurityContext is empty or contents are anonymous - context will not be stored in HttpSession.
2020-10-27 18:17:49.282 DEBUG 86389 --- [           main] s.s.w.c.SecurityContextPersistenceFilter : SecurityContextHolder now cleared, as request processing completed

MockHttpServletRequest:
      HTTP Method = GET
      Request URI = /api/events/2000
       Parameters = {}
          Headers = {}
             Body = null
    Session Attrs = {SPRING_SECURITY_SAVED_REQUEST=DefaultSavedRequest[http://localhost:8080/api/events/2000]}

Handler:
             Type = null

Async:
    Async started = false
     Async result = null

Resolved Exception:
             Type = null

ModelAndView:
        View name = null
             View = null
            Model = null

FlashMap:
       Attributes = null

MockHttpServletResponse:
           Status = 401
    Error message = Unauthorized
          Headers = {WWW-Authenticate=[Basic realm="Realm"], X-Content-Type-Options=[nosniff], X-XSS-Protection=[1; mode=block], Cache-Control=[no-cache, no-store, max-age=0, must-revalidate], Pragma=[no-cache], Expires=[0], X-Frame-Options=[DENY]}
     Content type = null
             Body = 
    Forwarded URL = null
   Redirected URL = null
          Cookies = []

MockHttpServletRequest:
      HTTP Method = GET
      Request URI = /api
       Parameters = {}
          Headers = {}
             Body = null
    Session Attrs = {SPRING_SECURITY_SAVED_REQUEST=DefaultSavedRequest[http://localhost:8080/api]}

Handler:
             Type = null

Async:
    Async started = false
     Async result = null

Resolved Exception:
             Type = null

ModelAndView:
        View name = null
             View = null
            Model = null

FlashMap:
       Attributes = null

MockHttpServletResponse:
           Status = 401
    Error message = Unauthorized
          Headers = {WWW-Authenticate=[Basic realm="Realm"], X-Content-Type-Options=[nosniff], X-XSS-Protection=[1; mode=block], Cache-Control=[no-cache, no-store, max-age=0, must-revalidate], Pragma=[no-cache], Expires=[0], X-Frame-Options=[DENY]}
     Content type = null
             Body = 
    Forwarded URL = null
   Redirected URL = null
          Cookies = []

MockHttpServletRequest:
      HTTP Method = POST
      Request URI = /api/events
       Parameters = {}
[...]
2020-10-27 18:17:49.392 TRACE 86389 --- [           main] o.h.type.descriptor.sql.BasicBinder      : binding parameter [15] as [INTEGER] - [36]
2020-10-27 18:17:49.394 DEBUG 86389 --- [           main] o.s.s.web.util.matcher.OrRequestMatcher  : Trying to match using Ant [pattern='/css/**']
2020-10-27 18:17:49.394 DEBUG 86389 --- [           main] o.s.s.w.u.matcher.AntPathRequestMatcher  : Checking match of request : '/api/events/36'; against '/css/**'
2020-10-27 18:17:49.394 DEBUG 86389 --- [           main] o.s.s.web.util.matcher.OrRequestMatcher  : Trying to match using Ant [pattern='/js/**']
2020-10-27 18:17:49.394 DEBUG 86389 --- [           main] o.s.s.w.u.matcher.AntPathRequestMatcher  : Checking match of request : '/api/events/36'; against '/js/**'
2020-10-27 18:17:49.394 DEBUG 86389 --- [           main] o.s.s.web.util.matcher.OrRequestMatcher  : Trying to match using Ant [pattern='/images/**']
2020-10-27 18:17:49.394 DEBUG 86389 --- [           main] o.s.s.w.u.matcher.AntPathRequestMatcher  : Checking match of request : '/api/events/36'; against '/images/**'
2020-10-27 18:17:49.394 DEBUG 86389 --- [           main] o.s.s.web.util.matcher.OrRequestMatcher  : Trying to match using Ant [pattern='/webjars/**']
2020-10-27 18:17:49.394 DEBUG 86389 --- [           main] o.s.s.w.u.matcher.AntPathRequestMatcher  : Checking match of request : '/api/events/36'; against '/webjars/**'
2020-10-27 18:17:49.394 DEBUG 86389 --- [           main] o.s.s.web.util.matcher.OrRequestMatcher  : Trying to match using Ant [pattern='/**/favicon.ico']
2020-10-27 18:17:49.394 DEBUG 86389 --- [           main] o.s.s.w.u.matcher.AntPathRequestMatcher  : Checking match of request : '/api/events/36'; against '/**/favicon.ico'
2020-10-27 18:17:49.394 DEBUG 86389 --- [           main] o.s.s.web.util.matcher.OrRequestMatcher  : No matches found
2020-10-27 18:17:49.394 DEBUG 86389 --- [           main] o.s.security.web.FilterChainProxy        : /api/events/36 at position 1 of 15 in additional filter chain; firing Filter: 'WebAsyncManagerIntegrationFilter'
2020-10-27 18:17:49.394 DEBUG 86389 --- [           main] o.s.security.web.FilterChainProxy        : /api/events/36 at position 2 of 15 in additional filter chain; firing Filter: 'SecurityContextPersistenceFilter'
2020-10-27 18:17:49.394 DEBUG 86389 --- [           main] w.c.HttpSessionSecurityContextRepository : No HttpSession currently exists
2020-10-27 18:17:49.394 DEBUG 86389 --- [           main] w.c.HttpSessionSecurityContextRepository : No SecurityContext was available from the HttpSession: null. A new one will be created.
2020-10-27 18:17:49.394 DEBUG 86389 --- [           main] o.s.security.web.FilterChainProxy        : /api/events/36 at position 3 of 15 in additional filter chain; firing Filter: 'HeaderWriterFilter'
2020-10-27 18:17:49.394 DEBUG 86389 --- [           main] o.s.security.web.FilterChainProxy        : /api/events/36 at position 4 of 15 in additional filter chain; firing Filter: 'CsrfFilter'
2020-10-27 18:17:49.394 DEBUG 86389 --- [           main] o.s.security.web.csrf.CsrfFilter         : Invalid CSRF token found for http://localhost:8080/api/events/36
2020-10-27 18:17:49.394 DEBUG 86389 --- [           main] o.s.s.w.header.writers.HstsHeaderWriter  : Not injecting HSTS header since it did not match the requestMatcher org.springframework.security.web.header.writers.HstsHeaderWriter$SecureRequestMatcher@2c485b3a
2020-10-27 18:17:49.394 DEBUG 86389 --- [           main] w.c.HttpSessionSecurityContextRepository : SecurityContext is empty or contents are anonymous - context will not be stored in HttpSession.
2020-10-27 18:17:49.394 DEBUG 86389 --- [           main] s.s.w.c.SecurityContextPersistenceFilter : SecurityContextHolder now cleared, as request processing completed

MockHttpServletRequest:
      HTTP Method = PUT
      Request URI = /api/events/36
       Parameters = {}
          Headers = {Content-Type=[application/json;charset=UTF-8]}
             Body = {"name":"event 300","description":"test event","beginEnrollmentDateTime":"2018-11-23T14:20:00","closeEnrollmentDateTime":"2018-11-24T14:30:00","beginEventDateTime":"2018-11-25T14:30:00","endEventDateTime":"2018-11-26T14:30:00","location":"강남역 D2 스타텁 팩토리","basePrice":20000,"maxPrice":1000,"limitOfEnrollment":100}
    Session Attrs = {org.springframework.security.web.csrf.HttpSessionCsrfTokenRepository.CSRF_TOKEN=org.springframework.security.web.csrf.DefaultCsrfToken@52d625bd}

Handler:
             Type = null

Async:
    Async started = false
     Async result = null

Resolved Exception:
             Type = null

ModelAndView:
        View name = null
             View = null
            Model = null

FlashMap:
       Attributes = null

MockHttpServletResponse:
           Status = 403
    Error message = Forbidden
          Headers = {X-Content-Type-Options=[nosniff], X-XSS-Protection=[1; mode=block], Cache-Control=[no-cache, no-store, max-age=0, must-revalidate], Pragma=[no-cache], Expires=[0], X-Frame-Options=[DENY]}
     Content type = null
             Body = 
    Forwarded URL = null
   Redirected URL = null
          Cookies = []

MockHttpServletRequest:
      HTTP Method = GET
      Request URI = /api
       Parameters = {}
          Headers = {}
             Body = null
    Session Attrs = {SPRING_SECURITY_SAVED_REQUEST=DefaultSavedRequest[http://localhost:8080/api]}

Handler:
             Type = null

Async:
    Async started = false
     Async result = null

Resolved Exception:
             Type = null

ModelAndView:
        View name = null
             View = null
            Model = null

FlashMap:
       Attributes = null

MockHttpServletResponse:
           Status = 401
    Error message = Unauthorized
          Headers = {WWW-Authenticate=[Basic realm="Realm"], X-Content-Type-Options=[nosniff], X-XSS-Protection=[1; mode=block], Cache-Control=[no-cache, no-store, max-age=0, must-revalidate], Pragma=[no-cache], Expires=[0], X-Frame-Options=[DENY]}
     Content type = null
             Body = 
    Forwarded URL = null
   Redirected URL = null
          Cookies = []

MockHttpServletRequest:
      HTTP Method = POST
      Request URI = /api/events
       Parameters = {}
          Headers = {Content-Type=[application/json;charset=UTF-8]}
             Body = {"name":null,"description":null,"beginEnrollmentDateTime":null,"closeEnrollmentDateTime":null,"beginEventDateTime":null,"endEventDateTime":null,"location":null,"basePrice":0,"maxPrice":0,"limitOfEnrollment":0}
    Session Attrs = {org.springframework.security.web.csrf.HttpSessionCsrfTokenRepository.CSRF_TOKEN=org.springframework.security.web.csrf.DefaultCsrfToken@11e36e5c}

Handler:
             Type = null

Async:
    Async started = false
     Async result = null

Resolved Exception:
             Type = null

ModelAndView:
        View name = null
             View = null
            Model = null

FlashMap:
       Attributes = null

MockHttpServletResponse:
           Status = 403
    Error message = Forbidden
          Headers = {X-Content-Type-Options=[nosniff], X-XSS-Protection=[1; mode=block], Cache-Control=[no-cache, no-store, max-age=0, must-revalidate], Pragma=[no-cache], Expires=[0], X-Frame-Options=[DENY]}
     Content type = null
             Body = 
    Forwarded URL = null
   Redirected URL = null
          Cookies = []

MockHttpServletRequest:
      HTTP Method = PUT
      Request URI = /api/events/2
       Parameters = {}
          Headers = {Content-Type=[application/json;charset=UTF-8]}
             Body = {"name":null,"description":null,"beginEnrollmentDateTime":null,"closeEnrollmentDateTime":null,"beginEventDateTime":null,"endEventDateTime":null,"location":null,"basePrice":0,"maxPrice":0,"limitOfEnrollment":0}
    Session Attrs = {org.springframework.security.web.csrf.HttpSessionCsrfTokenRepository.CSRF_TOKEN=org.springframework.security.web.csrf.DefaultCsrfToken@2ab87cb8}

Handler:
             Type = null

Async:
    Async started = false
     Async result = null

Resolved Exception:
             Type = null

ModelAndView:
        View name = null
             View = null
            Model = null

FlashMap:
       Attributes = null

MockHttpServletResponse:
           Status = 403
    Error message = Forbidden
          Headers = {X-Content-Type-Options=[nosniff], X-XSS-Protection=[1; mode=block], Cache-Control=[no-cache, no-store, max-age=0, must-revalidate], Pragma=[no-cache], Expires=[0], X-Frame-Options=[DENY]}
     Content type = null
             Body = 
    Forwarded URL = null
   Redirected URL = null
          Cookies = []

MockHttpServletRequest:
      HTTP Method = PUT
      Request URI = /api/events/3
       Parameters = {}
          Headers = {Content-Type=[application/json;charset=UTF-8]}
             Body = {"name":"Updated Event","description":"test event","beginEnrollmentDateTime":"2018-11-23T14:20:00","closeEnrollmentDateTime":"2018-11-24T14:30:00","beginEventDateTime":"2018-11-25T14:30:00","endEventDateTime":"2018-11-26T14:30:00","location":"강남역 D2 스타텁 팩토리","basePrice":100,"maxPrice":200,"limitOfEnrollment":100}
    Session Attrs = {org.springframework.security.web.csrf.HttpSessionCsrfTokenRepository.CSRF_TOKEN=org.springframework.security.web.csrf.DefaultCsrfToken@5a503cf0}

Handler:
             Type = null

Async:
    Async started = false
     Async result = null

Resolved Exception:
             Type = null

ModelAndView:
        View name = null
             View = null
            Model = null

FlashMap:
       Attributes = null

MockHttpServletResponse:
           Status = 403
    Error message = Forbidden
          Headers = {X-Content-Type-Options=[nosniff], X-XSS-Protection=[1; mode=block], Cache-Control=[no-cache, no-store, max-age=0, must-revalidate], Pragma=[no-cache], Expires=[0], X-Frame-Options=[DENY]}
     Content type = null
             Body = 
    Forwarded URL = null
   Redirected URL = null
          Cookies = []

MockHttpServletRequest:
      HTTP Method = POST
      Request URI = /api/events
       Parameters = {}
          Headers = {Content-Type=[application/json;charset=UTF-8], Accept=[application/hal+json]}
             Body = {"name":"Spring","description":"REST API Development with Spring","beginEnrollmentDateTime":"2018-11-23T14:20:00","closeEnrollmentDateTime":"2018-11-24T14:30:00","beginEventDateTime":"2018-11-25T14:30:00","endEventDateTime":"2018-11-26T14:30:00","location":"강남역 D2 스타텁 팩토리","basePrice":100,"maxPrice":200,"limitOfEnrollment":100}
    Session Attrs = {org.springframework.security.web.csrf.HttpSessionCsrfTokenRepository.CSRF_TOKEN=org.springframework.security.web.csrf.DefaultCsrfToken@503b5337}

Handler:
             Type = null

Async:
    Async started = false
     Async result = null

Resolved Exception:
             Type = null

ModelAndView:
        View name = null
             View = null
            Model = null

FlashMap:
       Attributes = null

MockHttpServletResponse:
           Status = 403
    Error message = Forbidden
          Headers = {X-Content-Type-Options=[nosniff], X-XSS-Protection=[1; mode=block], Cache-Control=[no-cache, no-store, max-age=0, must-revalidate], Pragma=[no-cache], Expires=[0], X-Frame-Options=[DENY]}
     Content type = null
             Body = 
    Forwarded URL = null
   Redirected URL = null
          Cookies = []

MockHttpServletRequest:
      HTTP Method = GET
      Request URI = /api/events/2000
       Parameters = {}
          Headers = {}
             Body = null
    Session Attrs = {SPRING_SECURITY_SAVED_REQUEST=DefaultSavedRequest[http://localhost:8080/api/events/2000]}

Handler:
             Type = null

Async:
    Async started = false
     Async result = null

Resolved Exception:
             Type = null

ModelAndView:
        View name = null
             View = null
            Model = null

FlashMap:
       Attributes = null

MockHttpServletResponse:
           Status = 401
    Error message = Unauthorized
          Headers = {WWW-Authenticate=[Basic realm="Realm"], X-Content-Type-Options=[nosniff], X-XSS-Protection=[1; mode=block], Cache-Control=[no-cache, no-store, max-age=0, must-revalidate], Pragma=[no-cache], Expires=[0], X-Frame-Options=[DENY]}
     Content type = null
             Body = 
    Forwarded URL = null
   Redirected URL = null
          Cookies = []

MockHttpServletRequest:
      HTTP Method = GET
      Request URI = /api/events
       Parameters = {page=[1], size=[10], sort=[name,DESC]}
          Headers = {}
             Body = null
    Session Attrs = {SPRING_SECURITY_SAVED_REQUEST=DefaultSavedRequest[http://localhost:8080/api/events]}

Handler:
             Type = null

Async:
    Async started = false
     Async result = null

Resolved Exception:
             Type = null

ModelAndView:
        View name = null
             View = null
            Model = null

FlashMap:
       Attributes = null

MockHttpServletResponse:
           Status = 401
    Error message = Unauthorized
          Headers = {WWW-Authenticate=[Basic realm="Realm"], X-Content-Type-Options=[nosniff], X-XSS-Protection=[1; mode=block], Cache-Control=[no-cache, no-store, max-age=0, must-revalidate], Pragma=[no-cache], Expires=[0], X-Frame-Options=[DENY]}
     Content type = null
             Body = 
    Forwarded URL = null
   Redirected URL = null
          Cookies = []

MockHttpServletRequest:
      HTTP Method = POST
      Request URI = /api/events
       Parameters = {}
          Headers = {Content-Type=[application/json;charset=UTF-8]}
             Body = {"name":"Spring","description":"REST API Development with Spring","beginEnrollmentDateTime":"2018-11-26T14:20:00","closeEnrollmentDateTime":"2018-11-25T14:30:00","beginEventDateTime":"2018-11-24T14:30:00","endEventDateTime":"2018-11-23T14:30:00","location":"강남역 D2 스타텁 팩토리","basePrice":10000,"maxPrice":200,"limitOfEnrollment":100}
    Session Attrs = {org.springframework.security.web.csrf.HttpSessionCsrfTokenRepository.CSRF_TOKEN=org.springframework.security.web.csrf.DefaultCsrfToken@c1bcea1}

Handler:
             Type = null

Async:
    Async started = false
     Async result = null

Resolved Exception:
             Type = null

ModelAndView:
        View name = null
             View = null
            Model = null

FlashMap:
       Attributes = null

MockHttpServletResponse:
           Status = 403
    Error message = Forbidden
          Headers = {X-Content-Type-Options=[nosniff], X-XSS-Protection=[1; mode=block], Cache-Control=[no-cache, no-store, max-age=0, must-revalidate], Pragma=[no-cache], Expires=[0], X-Frame-Options=[DENY]}
     Content type = null
             Body = 
    Forwarded URL = null
   Redirected URL = null
          Cookies = []

MockHttpServletRequest:
      HTTP Method = POST
      Request URI = /api/events
       Parameters = {}
          Headers = {Content-Type=[application/json;charset=UTF-8], Accept=[application/hal+json]}
             Body = {"id":100,"name":"Spring","description":"REST API Development with Spring","beginEnrollmentDateTime":"2018-11-23T14:20:00","closeEnrollmentDateTime":"2018-11-24T14:30:00","beginEventDateTime":"2018-11-25T14:30:00","endEventDateTime":"2018-11-26T14:30:00","location":"강남역 D2 스타텁 팩토리","basePrice":100,"maxPrice":200,"limitOfEnrollment":100,"free":true,"offline":false,"eventStatus":"PUBLISHED","manager":null}
    Session Attrs = {org.springframework.security.web.csrf.HttpSessionCsrfTokenRepository.CSRF_TOKEN=org.springframework.security.web.csrf.DefaultCsrfToken@34e700f4}

Handler:
             Type = null

Async:
    Async started = false
     Async result = null

Resolved Exception:
             Type = null

ModelAndView:
        View name = null
             View = null
            Model = null

FlashMap:
       Attributes = null

MockHttpServletResponse:
           Status = 403
    Error message = Forbidden
          Headers = {X-Content-Type-Options=[nosniff], X-XSS-Protection=[1; mode=block], Cache-Control=[no-cache, no-store, max-age=0, must-revalidate], Pragma=[no-cache], Expires=[0], X-Frame-Options=[DENY]}
     Content type = null
             Body = 
    Forwarded URL = null
   Redirected URL = null
          Cookies = []

MockHttpServletRequest:
      HTTP Method = PUT
      Request URI = /api/events/300
       Parameters = {}
          Headers = {Content-Type=[application/json;charset=UTF-8]}
             Body = {"name":"event 200","description":"test event","beginEnrollmentDateTime":"2018-11-23T14:20:00","closeEnrollmentDateTime":"2018-11-24T14:30:00","beginEventDateTime":"2018-11-25T14:30:00","endEventDateTime":"2018-11-26T14:30:00","location":"강남역 D2 스타텁 팩토리","basePrice":100,"maxPrice":200,"limitOfEnrollment":100}
    Session Attrs = {org.springframework.security.web.csrf.HttpSessionCsrfTokenRepository.CSRF_TOKEN=org.springframework.security.web.csrf.DefaultCsrfToken@4707d60a}

Handler:
             Type = null

Async:
    Async started = false
     Async result = null

Resolved Exception:
             Type = null

ModelAndView:
        View name = null
             View = null
            Model = null

FlashMap:
       Attributes = null

MockHttpServletResponse:
           Status = 403
    Error message = Forbidden
          Headers = {X-Content-Type-Options=[nosniff], X-XSS-Protection=[1; mode=block], Cache-Control=[no-cache, no-store, max-age=0, must-revalidate], Pragma=[no-cache], Expires=[0], X-Frame-Options=[DENY]}
     Content type = null
             Body = 
    Forwarded URL = null
   Redirected URL = null
          Cookies = []

MockHttpServletRequest:
      HTTP Method = GET
      Request URI = /api/events/35
       Parameters = {}
          Headers = {}
             Body = null
    Session Attrs = {SPRING_SECURITY_SAVED_REQUEST=DefaultSavedRequest[http://localhost:8080/api/events/35]}

Handler:
             Type = null

Async:
    Async started = false
     Async result = null

Resolved Exception:
             Type = null

ModelAndView:
        View name = null
             View = null
            Model = null

FlashMap:
       Attributes = null

MockHttpServletResponse:
           Status = 401
    Error message = Unauthorized
          Headers = {WWW-Authenticate=[Basic realm="Realm"], X-Content-Type-Options=[nosniff], X-XSS-Protection=[1; mode=block], Cache-Control=[no-cache, no-store, max-age=0, must-revalidate], Pragma=[no-cache], Expires=[0], X-Frame-Options=[DENY]}
     Content type = null
             Body = 
    Forwarded URL = null
   Redirected URL = null
          Cookies = []

MockHttpServletRequest:
      HTTP Method = PUT
      Request URI = /api/events/36
       Parameters = {}
          Headers = {Content-Type=[application/json;charset=UTF-8]}
             Body = {"name":"event 300","description":"test event","beginEnrollmentDateTime":"2018-11-23T14:20:00","closeEnrollmentDateTime":"2018-11-24T14:30:00","beginEventDateTime":"2018-11-25T14:30:00","endEventDateTime":"2018-11-26T14:30:00","location":"강남역 D2 스타텁 팩토리","basePrice":20000,"maxPrice":1000,"limitOfEnrollment":100}
    Session Attrs = {org.springframework.security.web.csrf.HttpSessionCsrfTokenRepository.CSRF_TOKEN=org.springframework.security.web.csrf.DefaultCsrfToken@52d625bd}

Handler:
             Type = null

Async:
    Async started = false
     Async result = null

Resolved Exception:
             Type = null

ModelAndView:
        View name = null
             View = null
            Model = null

FlashMap:
       Attributes = null

MockHttpServletResponse:
           Status = 403
    Error message = Forbidden
          Headers = {X-Content-Type-Options=[nosniff], X-XSS-Protection=[1; mode=block], Cache-Control=[no-cache, no-store, max-age=0, must-revalidate], Pragma=[no-cache], Expires=[0], X-Frame-Options=[DENY]}
     Content type = null
             Body = 
    Forwarded URL = null
   Redirected URL = null
          Cookies = []
]]></system-out>
  </testcase>
</testsuite>